2025-02-11 18:27:12,884 - 進入函式：wait_for_scan_complete
2025-02-11 18:27:12,884 - 進入函式：check_scan
2025-02-11 18:27:14,260 - 離開函式：check_scan
2025-02-11 18:27:16,597 - 進入函式：check_scan
2025-02-11 18:27:16,939 - 離開函式：check_scan
2025-02-11 18:27:17,890 - === 時間戳記 2025-02-11 18:27:17.890001 ===
目前執行函式：wait_for_scan_complete

2025-02-11 18:27:19,373 - 進入函式：check_scan
2025-02-11 18:27:19,709 - 離開函式：check_scan
2025-02-11 18:27:22,056 - 進入函式：check_scan
2025-02-11 18:27:22,398 - 離開函式：check_scan
2025-02-11 18:27:22,896 - === 時間戳記 2025-02-11 18:27:22.896638 ===
目前執行函式：wait_for_scan_complete

2025-02-11 18:27:24,739 - 進入函式：check_scan
2025-02-11 18:27:25,085 - 離開函式：check_scan
2025-02-11 18:27:27,426 - 進入函式：check_scan
2025-02-11 18:27:27,772 - 離開函式：check_scan
2025-02-11 18:27:27,903 - === 時間戳記 2025-02-11 18:27:27.903379 ===
目前執行函式：wait_for_scan_complete

2025-02-11 18:27:30,112 - 進入函式：check_scan
2025-02-11 18:27:30,455 - 離開函式：check_scan
2025-02-11 18:27:32,796 - 進入函式：check_scan
2025-02-11 18:27:32,909 - === 時間戳記 2025-02-11 18:27:32.909913 ===
目前執行函式：check_scan -> wait_for_scan_complete

2025-02-11 18:27:33,141 - 離開函式：check_scan
2025-02-11 18:27:35,471 - 進入函式：check_scan
2025-02-11 18:27:35,807 - 離開函式：check_scan
2025-02-11 18:27:37,916 - === 時間戳記 2025-02-11 18:27:37.916990 ===
目前執行函式：wait_for_scan_complete

2025-02-11 18:27:38,138 - 進入函式：check_scan
2025-02-11 18:27:38,474 - 離開函式：check_scan
2025-02-11 18:27:40,804 - 進入函式：check_scan
2025-02-11 18:27:41,144 - 離開函式：check_scan
2025-02-11 18:27:42,922 - === 時間戳記 2025-02-11 18:27:42.922223 ===
目前執行函式：wait_for_scan_complete

2025-02-11 18:27:43,478 - 進入函式：check_scan
2025-02-11 18:27:43,814 - 離開函式：check_scan
2025-02-11 18:27:46,144 - 進入函式：check_scan
2025-02-11 18:27:46,482 - 離開函式：check_scan
2025-02-11 18:27:47,927 - === 時間戳記 2025-02-11 18:27:47.927898 ===
目前執行函式：wait_for_scan_complete

2025-02-11 18:27:48,819 - 進入函式：check_scan
2025-02-11 18:27:49,155 - 離開函式：check_scan
2025-02-11 18:27:51,485 - 進入函式：check_scan
2025-02-11 18:27:51,821 - 離開函式：check_scan
2025-02-11 18:27:52,933 - === 時間戳記 2025-02-11 18:27:52.933438 ===
目前執行函式：wait_for_scan_complete

2025-02-11 18:27:54,156 - 進入函式：check_scan
2025-02-11 18:27:54,500 - 離開函式：check_scan
2025-02-11 18:27:56,838 - 進入函式：check_scan
2025-02-11 18:27:57,183 - 離開函式：check_scan
2025-02-11 18:27:57,937 - === 時間戳記 2025-02-11 18:27:57.937916 ===
目前執行函式：wait_for_scan_complete

2025-02-11 18:27:59,522 - 進入函式：check_scan
2025-02-11 18:27:59,866 - 離開函式：check_scan
2025-02-11 18:28:02,206 - 進入函式：check_scan
2025-02-11 18:28:02,550 - 離開函式：check_scan
2025-02-11 18:28:02,944 - === 時間戳記 2025-02-11 18:28:02.944426 ===
目前執行函式：wait_for_scan_complete

2025-02-11 18:28:04,890 - 進入函式：check_scan
2025-02-11 18:28:05,235 - 離開函式：check_scan
2025-02-11 18:28:07,574 - 進入函式：check_scan
2025-02-11 18:28:07,919 - 離開函式：check_scan
2025-02-11 18:28:07,950 - === 時間戳記 2025-02-11 18:28:07.950526 ===
目前執行函式：wait_for_scan_complete

2025-02-11 18:28:10,258 - 進入函式：check_scan
2025-02-11 18:28:10,601 - 離開函式：check_scan
2025-02-11 18:28:12,940 - 進入函式：check_scan
2025-02-11 18:28:12,955 - === 時間戳記 2025-02-11 18:28:12.955945 ===
目前執行函式：check_scan -> wait_for_scan_complete

2025-02-11 18:28:13,286 - 離開函式：check_scan
2025-02-11 18:28:15,624 - 進入函式：check_scan
2025-02-11 18:28:15,968 - 離開函式：check_scan
2025-02-11 18:28:17,962 - === 時間戳記 2025-02-11 18:28:17.962651 ===
目前執行函式：wait_for_scan_complete

2025-02-11 18:28:18,307 - 進入函式：check_scan
2025-02-11 18:28:18,652 - 離開函式：check_scan
2025-02-11 18:28:20,992 - 進入函式：check_scan
2025-02-11 18:28:21,338 - 離開函式：check_scan
2025-02-11 18:28:22,968 - === 時間戳記 2025-02-11 18:28:22.968314 ===
目前執行函式：wait_for_scan_complete

2025-02-11 18:28:23,677 - 進入函式：check_scan
2025-02-11 18:28:24,031 - 離開函式：check_scan
2025-02-11 18:28:26,369 - 進入函式：check_scan
2025-02-11 18:28:26,715 - 離開函式：check_scan
2025-02-11 18:28:27,974 - === 時間戳記 2025-02-11 18:28:27.974317 ===
目前執行函式：wait_for_scan_complete

2025-02-11 18:28:29,054 - 進入函式：check_scan
2025-02-11 18:28:29,400 - 離開函式：check_scan
2025-02-11 18:28:31,739 - 進入函式：check_scan
2025-02-11 18:28:32,085 - 離開函式：check_scan
2025-02-11 18:28:32,981 - === 時間戳記 2025-02-11 18:28:32.981364 ===
目前執行函式：wait_for_scan_complete

2025-02-11 18:28:34,430 - 進入函式：check_scan
2025-02-11 18:28:34,774 - 離開函式：check_scan
2025-02-11 18:28:37,113 - 進入函式：check_scan
2025-02-11 18:28:37,458 - 離開函式：check_scan
2025-02-11 18:28:37,987 - === 時間戳記 2025-02-11 18:28:37.987472 ===
目前執行函式：wait_for_scan_complete

2025-02-11 18:28:39,797 - 進入函式：check_scan
2025-02-11 18:28:40,142 - 離開函式：check_scan
2025-02-11 18:28:42,481 - 進入函式：check_scan
2025-02-11 18:28:42,826 - 離開函式：check_scan
2025-02-11 18:28:42,994 - === 時間戳記 2025-02-11 18:28:42.994166 ===
目前執行函式：wait_for_scan_complete

2025-02-11 18:28:45,166 - 進入函式：check_scan
2025-02-11 18:28:45,511 - 離開函式：check_scan
2025-02-11 18:28:47,849 - 進入函式：check_scan
2025-02-11 18:28:47,999 - === 時間戳記 2025-02-11 18:28:47.999360 ===
目前執行函式：check_scan -> wait_for_scan_complete

2025-02-11 18:28:48,193 - 離開函式：check_scan
2025-02-11 18:28:50,529 - 進入函式：check_scan
2025-02-11 18:28:50,864 - 離開函式：check_scan
2025-02-11 18:28:53,006 - === 時間戳記 2025-02-11 18:28:53.006838 ===
目前執行函式：wait_for_scan_complete

2025-02-11 18:28:53,194 - 進入函式：check_scan
2025-02-11 18:28:53,531 - 離開函式：check_scan
2025-02-11 18:28:55,869 - 進入函式：check_scan
2025-02-11 18:28:56,221 - 離開函式：check_scan
2025-02-11 18:28:58,013 - === 時間戳記 2025-02-11 18:28:58.013816 ===
目前執行函式：wait_for_scan_complete

2025-02-11 18:28:58,558 - 進入函式：check_scan
2025-02-11 18:28:58,905 - 離開函式：check_scan
2025-02-11 18:29:01,244 - 進入函式：check_scan
2025-02-11 18:29:01,589 - 離開函式：check_scan
2025-02-11 18:29:03,019 - === 時間戳記 2025-02-11 18:29:03.019396 ===
目前執行函式：wait_for_scan_complete

2025-02-11 18:29:03,929 - 進入函式：check_scan
2025-02-11 18:29:04,273 - 離開函式：check_scan
2025-02-11 18:29:06,617 - 進入函式：check_scan
2025-02-11 18:29:06,961 - 離開函式：check_scan
2025-02-11 18:29:08,027 - === 時間戳記 2025-02-11 18:29:08.027320 ===
目前執行函式：wait_for_scan_complete

2025-02-11 18:29:09,300 - 進入函式：check_scan
2025-02-11 18:29:09,646 - 離開函式：check_scan
2025-02-11 18:29:11,988 - 進入函式：check_scan
2025-02-11 18:29:12,332 - 離開函式：check_scan
2025-02-11 18:29:13,033 - === 時間戳記 2025-02-11 18:29:13.033128 ===
目前執行函式：wait_for_scan_complete

2025-02-11 18:29:14,672 - 進入函式：check_scan
2025-02-11 18:29:15,016 - 離開函式：check_scan
2025-02-11 18:29:17,359 - 進入函式：check_scan
2025-02-11 18:29:17,703 - 離開函式：check_scan
2025-02-11 18:29:18,039 - === 時間戳記 2025-02-11 18:29:18.039433 ===
目前執行函式：wait_for_scan_complete

2025-02-11 18:29:20,042 - 進入函式：check_scan
2025-02-11 18:29:20,386 - 離開函式：check_scan
2025-02-11 18:29:22,725 - 進入函式：check_scan
2025-02-11 18:29:23,046 - === 時間戳記 2025-02-11 18:29:23.046030 ===
目前執行函式：check_scan -> wait_for_scan_complete

2025-02-11 18:29:23,069 - 離開函式：check_scan
2025-02-11 18:29:25,407 - 進入函式：check_scan
2025-02-11 18:29:25,757 - 離開函式：check_scan
2025-02-11 18:29:28,051 - === 時間戳記 2025-02-11 18:29:28.051612 ===
目前執行函式：wait_for_scan_complete

2025-02-11 18:29:28,096 - 進入函式：check_scan
2025-02-11 18:29:28,442 - 離開函式：check_scan
2025-02-11 18:29:30,782 - 進入函式：check_scan
2025-02-11 18:29:31,131 - 離開函式：check_scan
2025-02-11 18:29:33,057 - === 時間戳記 2025-02-11 18:29:33.057348 ===
目前執行函式：wait_for_scan_complete

2025-02-11 18:29:33,469 - 進入函式：check_scan
2025-02-11 18:29:33,814 - 離開函式：check_scan
2025-02-11 18:29:36,154 - 進入函式：check_scan
2025-02-11 18:29:36,498 - 離開函式：check_scan
2025-02-11 18:29:38,062 - === 時間戳記 2025-02-11 18:29:38.062393 ===
目前執行函式：wait_for_scan_complete

2025-02-11 18:29:38,837 - 進入函式：check_scan
2025-02-11 18:29:39,182 - 離開函式：check_scan
2025-02-11 18:29:41,522 - 進入函式：check_scan
2025-02-11 18:29:41,866 - 離開函式：check_scan
2025-02-11 18:29:43,067 - === 時間戳記 2025-02-11 18:29:43.067710 ===
目前執行函式：wait_for_scan_complete

2025-02-11 18:29:44,206 - 進入函式：check_scan
2025-02-11 18:29:44,552 - 離開函式：check_scan
2025-02-11 18:29:46,890 - 進入函式：check_scan
2025-02-11 18:29:47,235 - 離開函式：check_scan
2025-02-11 18:29:48,073 - === 時間戳記 2025-02-11 18:29:48.073476 ===
目前執行函式：wait_for_scan_complete

2025-02-11 18:29:49,575 - 進入函式：check_scan
2025-02-11 18:29:49,919 - 離開函式：check_scan
2025-02-11 18:29:52,258 - 進入函式：check_scan
2025-02-11 18:29:52,603 - 離開函式：check_scan
2025-02-11 18:29:53,081 - === 時間戳記 2025-02-11 18:29:53.081042 ===
目前執行函式：wait_for_scan_complete

2025-02-11 18:29:54,942 - 進入函式：check_scan
2025-02-11 18:29:55,285 - 離開函式：check_scan
2025-02-11 18:29:57,625 - 進入函式：check_scan
2025-02-11 18:29:57,970 - 離開函式：check_scan
2025-02-11 18:29:58,086 - === 時間戳記 2025-02-11 18:29:58.086960 ===
目前執行函式：wait_for_scan_complete

2025-02-11 18:30:00,308 - 進入函式：check_scan
2025-02-11 18:30:00,653 - 離開函式：check_scan
2025-02-11 18:30:02,992 - 進入函式：check_scan
2025-02-11 18:30:03,092 - === 時間戳記 2025-02-11 18:30:03.092714 ===
目前執行函式：check_scan -> wait_for_scan_complete

2025-02-11 18:30:03,336 - 離開函式：check_scan
2025-02-11 18:30:05,678 - 進入函式：check_scan
2025-02-11 18:30:06,022 - 離開函式：check_scan
2025-02-11 18:30:08,097 - === 時間戳記 2025-02-11 18:30:08.097682 ===
目前執行函式：wait_for_scan_complete

2025-02-11 18:30:08,362 - 進入函式：check_scan
2025-02-11 18:30:08,707 - 離開函式：check_scan
2025-02-11 18:30:11,047 - 進入函式：check_scan
2025-02-11 18:30:11,392 - 離開函式：check_scan
2025-02-11 18:30:13,104 - === 時間戳記 2025-02-11 18:30:13.104164 ===
目前執行函式：wait_for_scan_complete

2025-02-11 18:30:13,731 - 進入函式：check_scan
2025-02-11 18:30:14,076 - 離開函式：check_scan
2025-02-11 18:30:16,416 - 進入函式：check_scan
2025-02-11 18:30:16,762 - 離開函式：check_scan
2025-02-11 18:30:18,110 - === 時間戳記 2025-02-11 18:30:18.110604 ===
目前執行函式：wait_for_scan_complete

2025-02-11 18:30:19,100 - 進入函式：check_scan
2025-02-11 18:30:19,446 - 離開函式：check_scan
2025-02-11 18:30:21,785 - 進入函式：check_scan
2025-02-11 18:30:22,129 - 離開函式：check_scan
2025-02-11 18:30:23,116 - === 時間戳記 2025-02-11 18:30:23.116105 ===
目前執行函式：wait_for_scan_complete

2025-02-11 18:30:24,470 - 進入函式：check_scan
2025-02-11 18:30:24,815 - 離開函式：check_scan
2025-02-11 18:30:27,155 - 進入函式：check_scan
2025-02-11 18:30:27,500 - 離開函式：check_scan
2025-02-11 18:30:28,122 - === 時間戳記 2025-02-11 18:30:28.122119 ===
目前執行函式：wait_for_scan_complete

2025-02-11 18:30:29,840 - 進入函式：check_scan
2025-02-11 18:30:30,184 - 離開函式：check_scan
2025-02-11 18:30:32,524 - 進入函式：check_scan
2025-02-11 18:30:32,869 - 離開函式：check_scan
2025-02-11 18:30:33,128 - === 時間戳記 2025-02-11 18:30:33.128418 ===
目前執行函式：wait_for_scan_complete

2025-02-11 18:30:35,207 - 進入函式：check_scan
2025-02-11 18:30:35,554 - 離開函式：check_scan
2025-02-11 18:30:37,893 - 進入函式：check_scan
2025-02-11 18:30:38,134 - === 時間戳記 2025-02-11 18:30:38.134954 ===
目前執行函式：check_scan -> wait_for_scan_complete

2025-02-11 18:30:38,239 - 離開函式：check_scan
2025-02-11 18:30:40,577 - 進入函式：check_scan
2025-02-11 18:30:40,923 - 離開函式：check_scan
2025-02-11 18:30:43,140 - === 時間戳記 2025-02-11 18:30:43.140179 ===
目前執行函式：wait_for_scan_complete

2025-02-11 18:30:43,260 - 進入函式：check_scan
2025-02-11 18:30:43,605 - 離開函式：check_scan
2025-02-11 18:30:45,948 - 進入函式：check_scan
2025-02-11 18:30:46,294 - 離開函式：check_scan
2025-02-11 18:30:48,145 - === 時間戳記 2025-02-11 18:30:48.145600 ===
目前執行函式：wait_for_scan_complete

2025-02-11 18:30:48,634 - 進入函式：check_scan
2025-02-11 18:30:48,979 - 離開函式：check_scan
2025-02-11 18:30:51,320 - 進入函式：check_scan
2025-02-11 18:30:51,664 - 離開函式：check_scan
2025-02-11 18:30:53,151 - === 時間戳記 2025-02-11 18:30:53.151352 ===
目前執行函式：wait_for_scan_complete

2025-02-11 18:30:54,004 - 進入函式：check_scan
2025-02-11 18:30:54,349 - 離開函式：check_scan
2025-02-11 18:30:56,689 - 進入函式：check_scan
2025-02-11 18:30:57,033 - 離開函式：check_scan
2025-02-11 18:30:58,158 - === 時間戳記 2025-02-11 18:30:58.158017 ===
目前執行函式：wait_for_scan_complete

2025-02-11 18:30:59,373 - 進入函式：check_scan
2025-02-11 18:30:59,718 - 離開函式：check_scan
2025-02-11 18:31:02,058 - 進入函式：check_scan
2025-02-11 18:31:02,403 - 離開函式：check_scan
2025-02-11 18:31:03,163 - === 時間戳記 2025-02-11 18:31:03.163739 ===
目前執行函式：wait_for_scan_complete

2025-02-11 18:31:04,742 - 進入函式：check_scan
2025-02-11 18:31:05,087 - 離開函式：check_scan
2025-02-11 18:31:07,427 - 進入函式：check_scan
2025-02-11 18:31:07,772 - 離開函式：check_scan
2025-02-11 18:31:08,171 - === 時間戳記 2025-02-11 18:31:08.171290 ===
目前執行函式：wait_for_scan_complete

2025-02-11 18:31:10,112 - 進入函式：check_scan
2025-02-11 18:31:10,457 - 離開函式：check_scan
2025-02-11 18:31:12,797 - 進入函式：check_scan
2025-02-11 18:31:13,141 - 離開函式：check_scan
2025-02-11 18:31:13,178 - === 時間戳記 2025-02-11 18:31:13.178118 ===
目前執行函式：wait_for_scan_complete

2025-02-11 18:31:15,481 - 進入函式：check_scan
2025-02-11 18:31:15,825 - 離開函式：check_scan
2025-02-11 18:31:18,167 - 進入函式：check_scan
2025-02-11 18:31:18,184 - === 時間戳記 2025-02-11 18:31:18.184016 ===
目前執行函式：check_scan -> wait_for_scan_complete

2025-02-11 18:31:18,511 - 離開函式：check_scan
2025-02-11 18:31:20,850 - 進入函式：check_scan
2025-02-11 18:31:21,196 - 離開函式：check_scan
2025-02-11 18:31:23,191 - === 時間戳記 2025-02-11 18:31:23.191291 ===
目前執行函式：wait_for_scan_complete

2025-02-11 18:31:23,538 - 進入函式：check_scan
2025-02-11 18:31:23,882 - 離開函式：check_scan
2025-02-11 18:31:26,222 - 進入函式：check_scan
2025-02-11 18:31:26,567 - 離開函式：check_scan
2025-02-11 18:31:28,196 - === 時間戳記 2025-02-11 18:31:28.196307 ===
目前執行函式：wait_for_scan_complete

2025-02-11 18:31:28,905 - 進入函式：check_scan
2025-02-11 18:31:29,249 - 離開函式：check_scan
2025-02-11 18:31:31,588 - 進入函式：check_scan
2025-02-11 18:31:31,933 - 離開函式：check_scan
2025-02-11 18:31:33,202 - === 時間戳記 2025-02-11 18:31:33.202520 ===
目前執行函式：wait_for_scan_complete

2025-02-11 18:31:34,274 - 進入函式：check_scan
2025-02-11 18:31:34,619 - 離開函式：check_scan
2025-02-11 18:31:36,958 - 進入函式：check_scan
2025-02-11 18:31:37,304 - 離開函式：check_scan
2025-02-11 18:31:38,208 - === 時間戳記 2025-02-11 18:31:38.208065 ===
目前執行函式：wait_for_scan_complete

2025-02-11 18:31:39,643 - 進入函式：check_scan
2025-02-11 18:31:39,989 - 離開函式：check_scan
2025-02-11 18:31:42,328 - 進入函式：check_scan
2025-02-11 18:31:42,674 - 離開函式：check_scan
2025-02-11 18:31:43,214 - === 時間戳記 2025-02-11 18:31:43.214040 ===
目前執行函式：wait_for_scan_complete

2025-02-11 18:31:45,013 - 進入函式：check_scan
2025-02-11 18:31:45,357 - 離開函式：check_scan
2025-02-11 18:31:47,696 - 進入函式：check_scan
2025-02-11 18:31:48,042 - 離開函式：check_scan
2025-02-11 18:31:48,219 - === 時間戳記 2025-02-11 18:31:48.219649 ===
目前執行函式：wait_for_scan_complete

2025-02-11 18:31:50,381 - 進入函式：check_scan
2025-02-11 18:31:50,726 - 離開函式：check_scan
2025-02-11 18:31:53,066 - 進入函式：check_scan
2025-02-11 18:31:53,225 - === 時間戳記 2025-02-11 18:31:53.225191 ===
目前執行函式：check_scan -> wait_for_scan_complete

2025-02-11 18:31:53,411 - 離開函式：check_scan
2025-02-11 18:31:55,750 - 進入函式：check_scan
2025-02-11 18:31:56,096 - 離開函式：check_scan
2025-02-11 18:31:58,233 - === 時間戳記 2025-02-11 18:31:58.233059 ===
目前執行函式：wait_for_scan_complete

2025-02-11 18:31:58,435 - 進入函式：check_scan
2025-02-11 18:31:58,780 - 離開函式：check_scan
2025-02-11 18:32:01,121 - 進入函式：check_scan
2025-02-11 18:32:01,467 - 離開函式：check_scan
2025-02-11 18:32:03,240 - === 時間戳記 2025-02-11 18:32:03.240215 ===
目前執行函式：wait_for_scan_complete

2025-02-11 18:32:03,805 - 進入函式：check_scan
2025-02-11 18:32:04,151 - 離開函式：check_scan
2025-02-11 18:32:06,490 - 進入函式：check_scan
2025-02-11 18:32:06,836 - 離開函式：check_scan
2025-02-11 18:32:08,246 - === 時間戳記 2025-02-11 18:32:08.246728 ===
目前執行函式：wait_for_scan_complete

2025-02-11 18:32:09,176 - 進入函式：check_scan
2025-02-11 18:32:09,521 - 離開函式：check_scan
2025-02-11 18:32:11,862 - 進入函式：check_scan
2025-02-11 18:32:12,206 - 離開函式：check_scan
2025-02-11 18:32:13,252 - === 時間戳記 2025-02-11 18:32:13.252604 ===
目前執行函式：wait_for_scan_complete

2025-02-11 18:32:14,546 - 進入函式：check_scan
2025-02-11 18:32:14,891 - 離開函式：check_scan
2025-02-11 18:32:17,231 - 進入函式：check_scan
2025-02-11 18:32:17,575 - 離開函式：check_scan
2025-02-11 18:32:18,257 - === 時間戳記 2025-02-11 18:32:18.257970 ===
目前執行函式：wait_for_scan_complete

2025-02-11 18:32:19,916 - 進入函式：check_scan
2025-02-11 18:32:20,261 - 離開函式：check_scan
2025-02-11 18:32:22,601 - 進入函式：check_scan
2025-02-11 18:32:22,947 - 離開函式：check_scan
2025-02-11 18:32:23,264 - === 時間戳記 2025-02-11 18:32:23.264679 ===
目前執行函式：wait_for_scan_complete

2025-02-11 18:32:25,286 - 進入函式：check_scan
2025-02-11 18:32:25,632 - 離開函式：check_scan
2025-02-11 18:32:27,971 - 進入函式：check_scan
2025-02-11 18:32:28,270 - === 時間戳記 2025-02-11 18:32:28.270301 ===
目前執行函式：check_scan -> wait_for_scan_complete

2025-02-11 18:32:28,318 - 離開函式：check_scan
2025-02-11 18:32:30,658 - 進入函式：check_scan
2025-02-11 18:32:31,004 - 離開函式：check_scan
2025-02-11 18:32:33,275 - === 時間戳記 2025-02-11 18:32:33.275145 ===
目前執行函式：wait_for_scan_complete

2025-02-11 18:32:33,344 - 進入函式：check_scan
2025-02-11 18:32:33,688 - 離開函式：check_scan
2025-02-11 18:32:36,029 - 進入函式：check_scan
2025-02-11 18:32:36,373 - 離開函式：check_scan
2025-02-11 18:32:38,283 - === 時間戳記 2025-02-11 18:32:38.283410 ===
目前執行函式：wait_for_scan_complete

2025-02-11 18:32:38,714 - 進入函式：check_scan
2025-02-11 18:32:39,061 - 離開函式：check_scan
2025-02-11 18:32:41,401 - 進入函式：check_scan
2025-02-11 18:32:41,745 - 離開函式：check_scan
2025-02-11 18:32:43,287 - === 時間戳記 2025-02-11 18:32:43.287838 ===
目前執行函式：wait_for_scan_complete

2025-02-11 18:32:44,086 - 進入函式：check_scan
2025-02-11 18:32:44,431 - 離開函式：check_scan
2025-02-11 18:32:46,771 - 進入函式：check_scan
2025-02-11 18:32:47,115 - 離開函式：check_scan
2025-02-11 18:32:48,293 - === 時間戳記 2025-02-11 18:32:48.293841 ===
目前執行函式：wait_for_scan_complete

2025-02-11 18:32:49,456 - 進入函式：check_scan
2025-02-11 18:32:49,800 - 離開函式：check_scan
2025-02-11 18:32:52,141 - 進入函式：check_scan
2025-02-11 18:32:52,486 - 離開函式：check_scan
2025-02-11 18:32:53,299 - === 時間戳記 2025-02-11 18:32:53.299160 ===
目前執行函式：wait_for_scan_complete

2025-02-11 18:32:54,826 - 進入函式：check_scan
2025-02-11 18:32:55,171 - 離開函式：check_scan
2025-02-11 18:32:57,511 - 進入函式：check_scan
2025-02-11 18:32:57,856 - 離開函式：check_scan
2025-02-11 18:32:58,306 - === 時間戳記 2025-02-11 18:32:58.306126 ===
目前執行函式：wait_for_scan_complete

2025-02-11 18:33:00,198 - 進入函式：check_scan
2025-02-11 18:33:00,542 - 離開函式：check_scan
2025-02-11 18:33:02,880 - 進入函式：check_scan
2025-02-11 18:33:03,225 - 離開函式：check_scan
2025-02-11 18:33:03,312 - === 時間戳記 2025-02-11 18:33:03.312549 ===
目前執行函式：wait_for_scan_complete

2025-02-11 18:33:05,566 - 進入函式：check_scan
2025-02-11 18:33:05,913 - 離開函式：check_scan
2025-02-11 18:33:08,252 - 進入函式：check_scan
2025-02-11 18:33:08,319 - === 時間戳記 2025-02-11 18:33:08.319120 ===
目前執行函式：check_scan -> wait_for_scan_complete

2025-02-11 18:33:08,597 - 離開函式：check_scan
2025-02-11 18:33:10,935 - 進入函式：check_scan
2025-02-11 18:33:11,281 - 離開函式：check_scan
2025-02-11 18:33:13,324 - === 時間戳記 2025-02-11 18:33:13.324880 ===
目前執行函式：wait_for_scan_complete

2025-02-11 18:33:13,621 - 進入函式：check_scan
2025-02-11 18:33:13,966 - 離開函式：check_scan
2025-02-11 18:33:16,306 - 進入函式：check_scan
2025-02-11 18:33:16,652 - 離開函式：check_scan
2025-02-11 18:33:18,331 - === 時間戳記 2025-02-11 18:33:18.331585 ===
目前執行函式：wait_for_scan_complete

2025-02-11 18:33:18,993 - 進入函式：check_scan
2025-02-11 18:33:19,338 - 離開函式：check_scan
2025-02-11 18:33:21,678 - 進入函式：check_scan
2025-02-11 18:33:22,026 - 離開函式：check_scan
2025-02-11 18:33:23,336 - === 時間戳記 2025-02-11 18:33:23.336510 ===
目前執行函式：wait_for_scan_complete

2025-02-11 18:33:24,364 - 進入函式：check_scan
2025-02-11 18:33:24,709 - 離開函式：check_scan
2025-02-11 18:33:27,049 - 進入函式：check_scan
2025-02-11 18:33:27,394 - 離開函式：check_scan
2025-02-11 18:33:28,344 - === 時間戳記 2025-02-11 18:33:28.344860 ===
目前執行函式：wait_for_scan_complete

2025-02-11 18:33:29,733 - 進入函式：check_scan
2025-02-11 18:33:30,079 - 離開函式：check_scan
2025-02-11 18:33:32,418 - 進入函式：check_scan
2025-02-11 18:33:32,763 - 離開函式：check_scan
2025-02-11 18:33:33,353 - === 時間戳記 2025-02-11 18:33:33.353326 ===
目前執行函式：wait_for_scan_complete

2025-02-11 18:33:35,105 - 進入函式：check_scan
2025-02-11 18:33:35,450 - 離開函式：check_scan
2025-02-11 18:33:37,790 - 進入函式：check_scan
2025-02-11 18:33:38,139 - 離開函式：check_scan
2025-02-11 18:33:38,358 - === 時間戳記 2025-02-11 18:33:38.358909 ===
目前執行函式：wait_for_scan_complete

2025-02-11 18:33:40,477 - 進入函式：check_scan
2025-02-11 18:33:40,822 - 離開函式：check_scan
2025-02-11 18:33:43,162 - 進入函式：check_scan
2025-02-11 18:33:43,365 - === 時間戳記 2025-02-11 18:33:43.365779 ===
目前執行函式：check_scan -> wait_for_scan_complete

2025-02-11 18:33:43,508 - 離開函式：check_scan
2025-02-11 18:33:45,848 - 進入函式：check_scan
2025-02-11 18:33:46,192 - 離開函式：check_scan
2025-02-11 18:33:48,373 - === 時間戳記 2025-02-11 18:33:48.373042 ===
目前執行函式：wait_for_scan_complete

2025-02-11 18:33:48,533 - 進入函式：check_scan
2025-02-11 18:33:48,877 - 離開函式：check_scan
2025-02-11 18:33:51,218 - 進入函式：check_scan
2025-02-11 18:33:51,563 - 離開函式：check_scan
2025-02-11 18:33:53,379 - === 時間戳記 2025-02-11 18:33:53.379908 ===
目前執行函式：wait_for_scan_complete

2025-02-11 18:33:53,903 - 進入函式：check_scan
2025-02-11 18:33:54,250 - 離開函式：check_scan
2025-02-11 18:33:56,590 - 進入函式：check_scan
2025-02-11 18:33:56,935 - 離開函式：check_scan
2025-02-11 18:33:58,385 - === 時間戳記 2025-02-11 18:33:58.385421 ===
目前執行函式：wait_for_scan_complete

2025-02-11 18:33:59,274 - 進入函式：check_scan
2025-02-11 18:33:59,619 - 離開函式：check_scan
2025-02-11 18:34:01,960 - 進入函式：check_scan
2025-02-11 18:34:02,305 - 離開函式：check_scan
2025-02-11 18:34:03,392 - === 時間戳記 2025-02-11 18:34:03.392201 ===
目前執行函式：wait_for_scan_complete

2025-02-11 18:34:04,644 - 進入函式：check_scan
2025-02-11 18:34:04,990 - 離開函式：check_scan
2025-02-11 18:34:07,329 - 進入函式：check_scan
2025-02-11 18:34:07,675 - 離開函式：check_scan
2025-02-11 18:34:08,398 - === 時間戳記 2025-02-11 18:34:08.398378 ===
目前執行函式：wait_for_scan_complete

2025-02-11 18:34:10,014 - 進入函式：check_scan
2025-02-11 18:34:10,359 - 離開函式：check_scan
2025-02-11 18:34:12,700 - 進入函式：check_scan
2025-02-11 18:34:13,044 - 離開函式：check_scan
2025-02-11 18:34:13,406 - === 時間戳記 2025-02-11 18:34:13.406439 ===
目前執行函式：wait_for_scan_complete

2025-02-11 18:34:15,382 - 進入函式：check_scan
2025-02-11 18:34:15,727 - 離開函式：check_scan
2025-02-11 18:34:18,067 - 進入函式：check_scan
2025-02-11 18:34:18,413 - === 時間戳記 2025-02-11 18:34:18.413640 ===
目前執行函式：check_scan -> wait_for_scan_complete

2025-02-11 18:34:18,413 - 離開函式：check_scan
2025-02-11 18:34:20,752 - 進入函式：check_scan
2025-02-11 18:34:21,097 - 離開函式：check_scan
2025-02-11 18:34:23,420 - === 時間戳記 2025-02-11 18:34:23.420101 ===
目前執行函式：wait_for_scan_complete

2025-02-11 18:34:23,437 - 進入函式：check_scan
2025-02-11 18:34:23,784 - 離開函式：check_scan
2025-02-11 18:34:26,122 - 進入函式：check_scan
2025-02-11 18:34:26,469 - 離開函式：check_scan
2025-02-11 18:34:28,426 - === 時間戳記 2025-02-11 18:34:28.426897 ===
目前執行函式：wait_for_scan_complete

2025-02-11 18:34:28,808 - 進入函式：check_scan
2025-02-11 18:34:29,153 - 離開函式：check_scan
2025-02-11 18:34:31,495 - 進入函式：check_scan
2025-02-11 18:34:31,840 - 離開函式：check_scan
2025-02-11 18:34:33,434 - === 時間戳記 2025-02-11 18:34:33.434988 ===
目前執行函式：wait_for_scan_complete

2025-02-11 18:34:34,179 - 進入函式：check_scan
2025-02-11 18:34:34,523 - 離開函式：check_scan
2025-02-11 18:34:36,864 - 進入函式：check_scan
2025-02-11 18:34:37,210 - 離開函式：check_scan
2025-02-11 18:34:38,441 - === 時間戳記 2025-02-11 18:34:38.441797 ===
目前執行函式：wait_for_scan_complete

2025-02-11 18:34:39,549 - 進入函式：check_scan
2025-02-11 18:34:39,893 - 離開函式：check_scan
2025-02-11 18:34:42,233 - 進入函式：check_scan
2025-02-11 18:34:42,578 - 離開函式：check_scan
2025-02-11 18:34:43,448 - === 時間戳記 2025-02-11 18:34:43.448300 ===
目前執行函式：wait_for_scan_complete

2025-02-11 18:34:44,919 - 進入函式：check_scan
2025-02-11 18:34:45,264 - 離開函式：check_scan
2025-02-11 18:34:47,604 - 進入函式：check_scan
2025-02-11 18:34:47,949 - 離開函式：check_scan
2025-02-11 18:34:48,456 - === 時間戳記 2025-02-11 18:34:48.456245 ===
目前執行函式：wait_for_scan_complete

2025-02-11 18:34:50,289 - 進入函式：check_scan
2025-02-11 18:34:50,636 - 離開函式：check_scan
2025-02-11 18:34:52,976 - 進入函式：check_scan
2025-02-11 18:34:53,321 - 離開函式：check_scan
2025-02-11 18:34:53,462 - === 時間戳記 2025-02-11 18:34:53.462755 ===
目前執行函式：wait_for_scan_complete

2025-02-11 18:34:55,663 - 進入函式：check_scan
2025-02-11 18:34:56,010 - 離開函式：check_scan
2025-02-11 18:34:58,349 - 進入函式：check_scan
2025-02-11 18:34:58,469 - === 時間戳記 2025-02-11 18:34:58.469265 ===
目前執行函式：check_scan -> wait_for_scan_complete

2025-02-11 18:34:58,696 - 離開函式：check_scan
2025-02-11 18:35:01,034 - 進入函式：check_scan
2025-02-11 18:35:01,379 - 離開函式：check_scan
2025-02-11 18:35:03,476 - === 時間戳記 2025-02-11 18:35:03.476703 ===
目前執行函式：wait_for_scan_complete

2025-02-11 18:35:03,719 - 進入函式：check_scan
2025-02-11 18:35:04,065 - 離開函式：check_scan
2025-02-11 18:35:06,404 - 進入函式：check_scan
2025-02-11 18:35:06,751 - 離開函式：check_scan
2025-02-11 18:35:08,482 - === 時間戳記 2025-02-11 18:35:08.482384 ===
目前執行函式：wait_for_scan_complete

2025-02-11 18:35:09,091 - 進入函式：check_scan
2025-02-11 18:35:09,435 - 離開函式：check_scan
2025-02-11 18:35:11,776 - 進入函式：check_scan
2025-02-11 18:35:12,121 - 離開函式：check_scan
2025-02-11 18:35:13,490 - === 時間戳記 2025-02-11 18:35:13.490438 ===
目前執行函式：wait_for_scan_complete

2025-02-11 18:35:14,461 - 進入函式：check_scan
2025-02-11 18:35:14,808 - 離開函式：check_scan
2025-02-11 18:35:17,147 - 進入函式：check_scan
2025-02-11 18:35:17,492 - 離開函式：check_scan
2025-02-11 18:35:18,497 - === 時間戳記 2025-02-11 18:35:18.497188 ===
目前執行函式：wait_for_scan_complete

2025-02-11 18:35:19,832 - 進入函式：check_scan
2025-02-11 18:35:20,179 - 離開函式：check_scan
2025-02-11 18:35:22,518 - 進入函式：check_scan
2025-02-11 18:35:22,863 - 離開函式：check_scan
2025-02-11 18:35:23,503 - === 時間戳記 2025-02-11 18:35:23.503931 ===
目前執行函式：wait_for_scan_complete

2025-02-11 18:35:25,203 - 進入函式：check_scan
2025-02-11 18:35:25,547 - 離開函式：check_scan
2025-02-11 18:35:27,887 - 進入函式：check_scan
2025-02-11 18:35:28,232 - 離開函式：check_scan
2025-02-11 18:35:28,511 - === 時間戳記 2025-02-11 18:35:28.511321 ===
目前執行函式：wait_for_scan_complete

2025-02-11 18:35:30,572 - 進入函式：check_scan
2025-02-11 18:35:30,916 - 離開函式：check_scan
2025-02-11 18:35:33,255 - 進入函式：check_scan
2025-02-11 18:35:33,518 - === 時間戳記 2025-02-11 18:35:33.518775 ===
目前執行函式：check_scan -> wait_for_scan_complete

2025-02-11 18:35:33,600 - 離開函式：check_scan
2025-02-11 18:35:35,939 - 進入函式：check_scan
2025-02-11 18:35:36,285 - 離開函式：check_scan
2025-02-11 18:35:38,525 - === 時間戳記 2025-02-11 18:35:38.525166 ===
目前執行函式：wait_for_scan_complete

2025-02-11 18:35:38,624 - 進入函式：check_scan
2025-02-11 18:35:38,968 - 離開函式：check_scan
2025-02-11 18:35:41,309 - 進入函式：check_scan
2025-02-11 18:35:41,654 - 離開函式：check_scan
2025-02-11 18:35:43,532 - === 時間戳記 2025-02-11 18:35:43.532585 ===
目前執行函式：wait_for_scan_complete

2025-02-11 18:35:43,994 - 進入函式：check_scan
2025-02-11 18:35:44,340 - 離開函式：check_scan
2025-02-11 18:35:46,679 - 進入函式：check_scan
2025-02-11 18:35:47,026 - 離開函式：check_scan
2025-02-11 18:35:48,539 - === 時間戳記 2025-02-11 18:35:48.539094 ===
目前執行函式：wait_for_scan_complete

2025-02-11 18:35:49,364 - 進入函式：check_scan
2025-02-11 18:35:49,710 - 離開函式：check_scan
2025-02-11 18:35:52,049 - 進入函式：check_scan
2025-02-11 18:35:52,395 - 離開函式：check_scan
2025-02-11 18:35:53,545 - === 時間戳記 2025-02-11 18:35:53.545734 ===
目前執行函式：wait_for_scan_complete

2025-02-11 18:35:54,733 - 進入函式：check_scan
2025-02-11 18:35:55,078 - 離開函式：check_scan
2025-02-11 18:35:57,418 - 進入函式：check_scan
2025-02-11 18:35:57,765 - 離開函式：check_scan
2025-02-11 18:35:58,552 - === 時間戳記 2025-02-11 18:35:58.552520 ===
目前執行函式：wait_for_scan_complete

2025-02-11 18:36:00,104 - 進入函式：check_scan
2025-02-11 18:36:00,450 - 離開函式：check_scan
2025-02-11 18:36:02,789 - 進入函式：check_scan
2025-02-11 18:36:03,135 - 離開函式：check_scan
2025-02-11 18:36:03,559 - === 時間戳記 2025-02-11 18:36:03.559162 ===
目前執行函式：wait_for_scan_complete

2025-02-11 18:36:05,476 - 進入函式：check_scan
2025-02-11 18:36:05,820 - 離開函式：check_scan
2025-02-11 18:36:08,160 - 進入函式：check_scan
2025-02-11 18:36:08,505 - 離開函式：check_scan
2025-02-11 18:36:08,566 - === 時間戳記 2025-02-11 18:36:08.566949 ===
目前執行函式：wait_for_scan_complete

2025-02-11 18:36:10,846 - 進入函式：check_scan
2025-02-11 18:36:11,190 - 離開函式：check_scan
2025-02-11 18:36:13,529 - 進入函式：check_scan
2025-02-11 18:36:13,573 - === 時間戳記 2025-02-11 18:36:13.573079 ===
目前執行函式：check_scan -> wait_for_scan_complete

2025-02-11 18:36:13,875 - 離開函式：check_scan
2025-02-11 18:36:16,214 - 進入函式：check_scan
2025-02-11 18:36:16,560 - 離開函式：check_scan
2025-02-11 18:36:18,580 - === 時間戳記 2025-02-11 18:36:18.580431 ===
目前執行函式：wait_for_scan_complete

2025-02-11 18:36:18,900 - 進入函式：check_scan
2025-02-11 18:36:19,243 - 離開函式：check_scan
2025-02-11 18:36:21,584 - 進入函式：check_scan
2025-02-11 18:36:21,929 - 離開函式：check_scan
2025-02-11 18:36:23,587 - === 時間戳記 2025-02-11 18:36:23.587998 ===
目前執行函式：wait_for_scan_complete

2025-02-11 18:36:24,269 - 進入函式：check_scan
2025-02-11 18:36:24,616 - 離開函式：check_scan
2025-02-11 18:36:26,956 - 進入函式：check_scan
2025-02-11 18:36:27,304 - 離開函式：check_scan
2025-02-11 18:36:28,593 - === 時間戳記 2025-02-11 18:36:28.593299 ===
目前執行函式：wait_for_scan_complete

2025-02-11 18:36:29,642 - 進入函式：check_scan
2025-02-11 18:36:29,988 - 離開函式：check_scan
2025-02-11 18:36:32,328 - 進入函式：check_scan
2025-02-11 18:36:32,674 - 離開函式：check_scan
2025-02-11 18:36:33,600 - === 時間戳記 2025-02-11 18:36:33.600127 ===
目前執行函式：wait_for_scan_complete

2025-02-11 18:36:35,013 - 進入函式：check_scan
2025-02-11 18:36:35,358 - 離開函式：check_scan
2025-02-11 18:36:37,697 - 進入函式：check_scan
2025-02-11 18:36:38,043 - 離開函式：check_scan
2025-02-11 18:36:38,607 - === 時間戳記 2025-02-11 18:36:38.607105 ===
目前執行函式：wait_for_scan_complete

2025-02-11 18:36:40,382 - 進入函式：check_scan
2025-02-11 18:36:40,726 - 離開函式：check_scan
2025-02-11 18:36:43,067 - 進入函式：check_scan
2025-02-11 18:36:43,412 - 離開函式：check_scan
2025-02-11 18:36:43,613 - === 時間戳記 2025-02-11 18:36:43.613973 ===
目前執行函式：wait_for_scan_complete

2025-02-11 18:36:45,750 - 進入函式：check_scan
2025-02-11 18:36:46,096 - 離開函式：check_scan
2025-02-11 18:36:48,437 - 進入函式：check_scan
2025-02-11 18:36:48,621 - === 時間戳記 2025-02-11 18:36:48.621976 ===
目前執行函式：check_scan -> wait_for_scan_complete

2025-02-11 18:36:48,781 - 離開函式：check_scan
2025-02-11 18:36:51,121 - 進入函式：check_scan
2025-02-11 18:36:51,467 - 離開函式：check_scan
2025-02-11 18:36:53,628 - === 時間戳記 2025-02-11 18:36:53.628878 ===
目前執行函式：wait_for_scan_complete

2025-02-11 18:36:53,808 - 進入函式：check_scan
2025-02-11 18:36:54,152 - 離開函式：check_scan
2025-02-11 18:36:56,492 - 進入函式：check_scan
2025-02-11 18:36:56,837 - 離開函式：check_scan
2025-02-11 18:36:58,635 - === 時間戳記 2025-02-11 18:36:58.635751 ===
目前執行函式：wait_for_scan_complete

2025-02-11 18:36:59,177 - 進入函式：check_scan
2025-02-11 18:36:59,522 - 離開函式：check_scan
2025-02-11 18:37:01,862 - 進入函式：check_scan
2025-02-11 18:37:02,211 - 離開函式：check_scan
2025-02-11 18:37:03,641 - === 時間戳記 2025-02-11 18:37:03.641973 ===
目前執行函式：wait_for_scan_complete

2025-02-11 18:37:04,550 - 進入函式：check_scan
2025-02-11 18:37:04,896 - 離開函式：check_scan
2025-02-11 18:37:07,236 - 進入函式：check_scan
2025-02-11 18:37:07,581 - 離開函式：check_scan
2025-02-11 18:37:08,649 - === 時間戳記 2025-02-11 18:37:08.649432 ===
目前執行函式：wait_for_scan_complete

2025-02-11 18:37:09,921 - 進入函式：check_scan
2025-02-11 18:37:10,266 - 離開函式：check_scan
2025-02-11 18:37:12,606 - 進入函式：check_scan
2025-02-11 18:37:12,950 - 離開函式：check_scan
2025-02-11 18:37:13,657 - === 時間戳記 2025-02-11 18:37:13.657176 ===
目前執行函式：wait_for_scan_complete

2025-02-11 18:37:15,290 - 進入函式：check_scan
2025-02-11 18:37:15,635 - 離開函式：check_scan
2025-02-11 18:37:17,975 - 進入函式：check_scan
2025-02-11 18:37:18,319 - 離開函式：check_scan
2025-02-11 18:37:18,664 - === 時間戳記 2025-02-11 18:37:18.664350 ===
目前執行函式：wait_for_scan_complete

2025-02-11 18:37:20,659 - 進入函式：check_scan
2025-02-11 18:37:21,005 - 離開函式：check_scan
2025-02-11 18:37:23,345 - 進入函式：check_scan
2025-02-11 18:37:23,671 - === 時間戳記 2025-02-11 18:37:23.671517 ===
目前執行函式：check_scan -> wait_for_scan_complete

2025-02-11 18:37:23,690 - 離開函式：check_scan
2025-02-11 18:37:26,029 - 進入函式：check_scan
2025-02-11 18:37:26,374 - 離開函式：check_scan
2025-02-11 18:37:28,678 - === 時間戳記 2025-02-11 18:37:28.678088 ===
目前執行函式：wait_for_scan_complete

2025-02-11 18:37:28,714 - 進入函式：check_scan
2025-02-11 18:37:29,059 - 離開函式：check_scan
2025-02-11 18:37:31,401 - 進入函式：check_scan
2025-02-11 18:37:31,745 - 離開函式：check_scan
2025-02-11 18:37:33,684 - === 時間戳記 2025-02-11 18:37:33.684061 ===
目前執行函式：wait_for_scan_complete

2025-02-11 18:37:34,085 - 進入函式：check_scan
2025-02-11 18:37:34,429 - 離開函式：check_scan
2025-02-11 18:37:36,771 - 進入函式：check_scan
2025-02-11 18:37:37,115 - 離開函式：check_scan
2025-02-11 18:37:38,692 - === 時間戳記 2025-02-11 18:37:38.692015 ===
目前執行函式：wait_for_scan_complete

2025-02-11 18:37:39,454 - 進入函式：check_scan
2025-02-11 18:37:39,799 - 離開函式：check_scan
2025-02-11 18:37:42,140 - 進入函式：check_scan
2025-02-11 18:37:42,485 - 離開函式：check_scan
2025-02-11 18:37:43,699 - === 時間戳記 2025-02-11 18:37:43.699314 ===
目前執行函式：wait_for_scan_complete

2025-02-11 18:37:44,825 - 進入函式：check_scan
2025-02-11 18:37:45,170 - 離開函式：check_scan
2025-02-11 18:37:47,510 - 進入函式：check_scan
2025-02-11 18:37:47,855 - 離開函式：check_scan
2025-02-11 18:37:48,706 - === 時間戳記 2025-02-11 18:37:48.706311 ===
目前執行函式：wait_for_scan_complete

2025-02-11 18:37:50,195 - 進入函式：check_scan
2025-02-11 18:37:50,539 - 離開函式：check_scan
2025-02-11 18:37:52,879 - 進入函式：check_scan
2025-02-11 18:37:53,227 - 離開函式：check_scan
2025-02-11 18:37:53,712 - === 時間戳記 2025-02-11 18:37:53.712156 ===
目前執行函式：wait_for_scan_complete

2025-02-11 18:37:55,565 - 進入函式：check_scan
2025-02-11 18:37:55,910 - 離開函式：check_scan
2025-02-11 18:37:58,250 - 進入函式：check_scan
2025-02-11 18:37:58,595 - 離開函式：check_scan
2025-02-11 18:37:58,718 - === 時間戳記 2025-02-11 18:37:58.718894 ===
目前執行函式：wait_for_scan_complete

2025-02-11 18:38:00,935 - 進入函式：check_scan
2025-02-11 18:38:01,283 - 離開函式：check_scan
2025-02-11 18:38:03,613 - 進入函式：check_scan
2025-02-11 18:38:03,724 - === 時間戳記 2025-02-11 18:38:03.724901 ===
目前執行函式：check_scan -> wait_for_scan_complete

2025-02-11 18:38:03,950 - 離開函式：check_scan
2025-02-11 18:38:06,279 - 進入函式：check_scan
2025-02-11 18:38:06,624 - 離開函式：check_scan
2025-02-11 18:38:08,731 - === 時間戳記 2025-02-11 18:38:08.731615 ===
目前執行函式：wait_for_scan_complete

2025-02-11 18:38:08,965 - 進入函式：check_scan
2025-02-11 18:38:09,309 - 離開函式：check_scan
2025-02-11 18:38:11,651 - 進入函式：check_scan
2025-02-11 18:38:11,997 - 離開函式：check_scan
2025-02-11 18:38:13,738 - === 時間戳記 2025-02-11 18:38:13.738265 ===
目前執行函式：wait_for_scan_complete

2025-02-11 18:38:14,339 - 進入函式：check_scan
2025-02-11 18:38:14,678 - 離開函式：check_scan
2025-02-11 18:38:17,006 - 進入函式：check_scan
2025-02-11 18:38:17,341 - 離開函式：check_scan
2025-02-11 18:38:18,745 - === 時間戳記 2025-02-11 18:38:18.745955 ===
目前執行函式：wait_for_scan_complete

2025-02-11 18:38:19,682 - 進入函式：check_scan
2025-02-11 18:38:20,028 - 離開函式：check_scan
2025-02-11 18:38:22,369 - 進入函式：check_scan
2025-02-11 18:38:22,713 - 離開函式：check_scan
2025-02-11 18:38:23,753 - === 時間戳記 2025-02-11 18:38:23.753379 ===
目前執行函式：wait_for_scan_complete

2025-02-11 18:38:25,052 - 進入函式：check_scan
2025-02-11 18:38:25,053 - 離開函式：check_scan
2025-02-11 18:38:25,053 - 離開函式：wait_for_scan_complete
2025-02-11 18:38:47,192 - 進入函式：wait_for_scan_complete
2025-02-11 18:38:47,192 - 進入函式：check_scan
2025-02-11 18:38:48,781 - === 時間戳記 2025-02-11 18:38:48.781055 ===
目前執行函式：check_scan -> wait_for_scan_complete

2025-02-11 18:38:49,035 - 離開函式：check_scan
2025-02-11 18:38:51,375 - 進入函式：check_scan
2025-02-11 18:38:51,721 - 離開函式：check_scan
2025-02-11 18:38:53,788 - === 時間戳記 2025-02-11 18:38:53.788088 ===
目前執行函式：wait_for_scan_complete

2025-02-11 18:38:54,061 - 進入函式：check_scan
2025-02-11 18:38:54,405 - 離開函式：check_scan
2025-02-11 18:38:56,751 - 進入函式：check_scan
2025-02-11 18:38:57,094 - 離開函式：check_scan
2025-02-11 18:38:58,795 - === 時間戳記 2025-02-11 18:38:58.795091 ===
目前執行函式：wait_for_scan_complete

2025-02-11 18:38:59,435 - 進入函式：check_scan
2025-02-11 18:38:59,780 - 離開函式：check_scan
2025-02-11 18:39:02,121 - 進入函式：check_scan
2025-02-11 18:39:02,122 - 離開函式：check_scan
2025-02-11 18:39:02,122 - 離開函式：wait_for_scan_complete
2025-02-11 18:39:24,335 - 進入函式：wait_for_scan_complete
2025-02-11 18:39:24,335 - 進入函式：check_scan
2025-02-11 18:39:26,177 - 離開函式：check_scan
2025-02-11 18:39:28,516 - 進入函式：check_scan
2025-02-11 18:39:28,826 - === 時間戳記 2025-02-11 18:39:28.826151 ===
目前執行函式：check_scan -> wait_for_scan_complete

2025-02-11 18:39:28,862 - 離開函式：check_scan
2025-02-11 18:39:31,201 - 進入函式：check_scan
2025-02-11 18:39:31,545 - 離開函式：check_scan
2025-02-11 18:39:33,832 - === 時間戳記 2025-02-11 18:39:33.832501 ===
目前執行函式：wait_for_scan_complete

2025-02-11 18:39:33,884 - 進入函式：check_scan
2025-02-11 18:39:34,227 - 離開函式：check_scan
2025-02-11 18:39:36,568 - 進入函式：check_scan
2025-02-11 18:39:36,912 - 離開函式：check_scan
2025-02-11 18:39:38,839 - === 時間戳記 2025-02-11 18:39:38.839168 ===
目前執行函式：wait_for_scan_complete

2025-02-11 18:39:39,252 - 進入函式：check_scan
2025-02-11 18:39:39,252 - 離開函式：check_scan
2025-02-11 18:39:39,252 - 離開函式：wait_for_scan_complete
2025-02-11 18:40:01,413 - 進入函式：wait_for_scan_complete
2025-02-11 18:40:01,413 - 進入函式：check_scan
2025-02-11 18:40:03,215 - 離開函式：check_scan
2025-02-11 18:40:03,864 - === 時間戳記 2025-02-11 18:40:03.864109 ===
目前執行函式：wait_for_scan_complete

2025-02-11 18:40:05,555 - 進入函式：check_scan
2025-02-11 18:40:05,900 - 離開函式：check_scan
2025-02-11 18:40:08,242 - 進入函式：check_scan
2025-02-11 18:40:08,586 - 離開函式：check_scan
2025-02-11 18:40:08,870 - === 時間戳記 2025-02-11 18:40:08.870708 ===
目前執行函式：wait_for_scan_complete

2025-02-11 18:40:10,925 - 進入函式：check_scan
2025-02-11 18:40:11,270 - 離開函式：check_scan
2025-02-11 18:40:13,608 - 進入函式：check_scan
2025-02-11 18:40:13,877 - === 時間戳記 2025-02-11 18:40:13.877646 ===
目前執行函式：check_scan -> wait_for_scan_complete

2025-02-11 18:40:13,955 - 離開函式：check_scan
2025-02-11 18:40:16,293 - 進入函式：check_scan
2025-02-11 18:40:16,294 - 離開函式：check_scan
2025-02-11 18:40:16,294 - 離開函式：wait_for_scan_complete
2025-02-11 18:40:38,238 - 進入函式：wait_for_scan_complete
2025-02-11 18:40:38,238 - 進入函式：check_scan
2025-02-11 18:40:38,902 - === 時間戳記 2025-02-11 18:40:38.902802 ===
目前執行函式：check_scan -> wait_for_scan_complete

2025-02-11 18:40:40,082 - 離開函式：check_scan
2025-02-11 18:40:42,421 - 進入函式：check_scan
2025-02-11 18:40:42,767 - 離開函式：check_scan
2025-02-11 18:40:43,908 - === 時間戳記 2025-02-11 18:40:43.908934 ===
目前執行函式：wait_for_scan_complete

2025-02-11 18:40:45,106 - 進入函式：check_scan
2025-02-11 18:40:45,453 - 離開函式：check_scan
2025-02-11 18:40:47,793 - 進入函式：check_scan
2025-02-11 18:40:48,138 - 離開函式：check_scan
2025-02-11 18:40:48,915 - === 時間戳記 2025-02-11 18:40:48.915366 ===
目前執行函式：wait_for_scan_complete

2025-02-11 18:40:50,478 - 進入函式：check_scan
2025-02-11 18:40:50,822 - 離開函式：check_scan
2025-02-11 18:40:53,161 - 進入函式：check_scan
2025-02-11 18:40:53,162 - 離開函式：check_scan
2025-02-11 18:40:53,162 - 離開函式：wait_for_scan_complete
2025-02-11 18:41:15,187 - 進入函式：wait_for_scan_complete
2025-02-11 18:41:15,187 - 進入函式：check_scan
2025-02-11 18:41:17,030 - 離開函式：check_scan
2025-02-11 18:41:18,949 - === 時間戳記 2025-02-11 18:41:18.949445 ===
目前執行函式：wait_for_scan_complete

2025-02-11 18:41:19,370 - 進入函式：check_scan
2025-02-11 18:41:19,714 - 離開函式：check_scan
2025-02-11 18:41:22,052 - 進入函式：check_scan
2025-02-11 18:41:22,397 - 離開函式：check_scan
2025-02-11 18:41:23,955 - === 時間戳記 2025-02-11 18:41:23.955906 ===
目前執行函式：wait_for_scan_complete

2025-02-11 18:41:24,738 - 進入函式：check_scan
2025-02-11 18:41:25,086 - 離開函式：check_scan
2025-02-11 18:41:27,429 - 進入函式：check_scan
2025-02-11 18:41:27,774 - 離開函式：check_scan
2025-02-11 18:41:28,963 - === 時間戳記 2025-02-11 18:41:28.963329 ===
目前執行函式：wait_for_scan_complete

2025-02-11 18:41:30,113 - 進入函式：check_scan
2025-02-11 18:41:30,457 - 離開函式：check_scan
2025-02-11 18:41:32,797 - 進入函式：check_scan
2025-02-11 18:41:33,153 - 離開函式：check_scan
2025-02-11 18:41:33,970 - === 時間戳記 2025-02-11 18:41:33.970353 ===
目前執行函式：wait_for_scan_complete

2025-02-11 18:41:35,491 - 進入函式：check_scan
2025-02-11 18:41:35,837 - 離開函式：check_scan
2025-02-11 18:41:38,177 - 進入函式：check_scan
2025-02-11 18:41:38,523 - 離開函式：check_scan
2025-02-11 18:41:38,976 - === 時間戳記 2025-02-11 18:41:38.976308 ===
目前執行函式：wait_for_scan_complete

2025-02-11 18:41:40,864 - 進入函式：check_scan
2025-02-11 18:41:41,210 - 離開函式：check_scan
2025-02-11 18:41:43,550 - 進入函式：check_scan
2025-02-11 18:41:43,894 - 離開函式：check_scan
2025-02-11 18:41:43,982 - === 時間戳記 2025-02-11 18:41:43.982444 ===
目前執行函式：wait_for_scan_complete

2025-02-11 18:41:46,235 - 進入函式：check_scan
2025-02-11 18:41:46,583 - 離開函式：check_scan
2025-02-11 18:41:48,922 - 進入函式：check_scan
2025-02-11 18:41:48,987 - === 時間戳記 2025-02-11 18:41:48.987498 ===
目前執行函式：check_scan -> wait_for_scan_complete

2025-02-11 18:41:49,268 - 離開函式：check_scan
2025-02-11 18:41:51,608 - 進入函式：check_scan
2025-02-11 18:41:51,953 - 離開函式：check_scan
2025-02-11 18:41:53,993 - === 時間戳記 2025-02-11 18:41:53.993575 ===
目前執行函式：wait_for_scan_complete

2025-02-11 18:41:54,291 - 進入函式：check_scan
2025-02-11 18:41:54,636 - 離開函式：check_scan
2025-02-11 18:41:56,975 - 進入函式：check_scan
2025-02-11 18:41:57,320 - 離開函式：check_scan
2025-02-11 18:41:58,998 - === 時間戳記 2025-02-11 18:41:58.998839 ===
目前執行函式：wait_for_scan_complete

2025-02-11 18:41:59,660 - 進入函式：check_scan
2025-02-11 18:42:00,005 - 離開函式：check_scan
2025-02-11 18:42:02,344 - 進入函式：check_scan
2025-02-11 18:42:02,689 - 離開函式：check_scan
2025-02-11 18:42:04,005 - === 時間戳記 2025-02-11 18:42:04.005353 ===
目前執行函式：wait_for_scan_complete

2025-02-11 18:42:05,040 - 進入函式：check_scan
2025-02-11 18:42:05,384 - 離開函式：check_scan
2025-02-11 18:42:07,723 - 進入函式：check_scan
2025-02-11 18:42:08,068 - 離開函式：check_scan
2025-02-11 18:42:09,011 - === 時間戳記 2025-02-11 18:42:09.011867 ===
目前執行函式：wait_for_scan_complete

2025-02-11 18:42:10,407 - 進入函式：check_scan
2025-02-11 18:42:10,754 - 離開函式：check_scan
2025-02-11 18:42:13,094 - 進入函式：check_scan
2025-02-11 18:42:13,438 - 離開函式：check_scan
2025-02-11 18:42:14,018 - === 時間戳記 2025-02-11 18:42:14.018210 ===
目前執行函式：wait_for_scan_complete

2025-02-11 18:42:15,778 - 進入函式：check_scan
2025-02-11 18:42:16,121 - 離開函式：check_scan
2025-02-11 18:42:18,462 - 進入函式：check_scan
2025-02-11 18:42:18,807 - 離開函式：check_scan
2025-02-11 18:42:19,024 - === 時間戳記 2025-02-11 18:42:19.024898 ===
目前執行函式：wait_for_scan_complete

2025-02-11 18:42:21,146 - 進入函式：check_scan
2025-02-11 18:42:21,492 - 離開函式：check_scan
2025-02-11 18:42:23,832 - 進入函式：check_scan
2025-02-11 18:42:24,030 - === 時間戳記 2025-02-11 18:42:24.030797 ===
目前執行函式：check_scan -> wait_for_scan_complete

2025-02-11 18:42:24,176 - 離開函式：check_scan
2025-02-11 18:42:26,523 - 進入函式：check_scan
2025-02-11 18:42:26,866 - 離開函式：check_scan
2025-02-11 18:42:29,036 - === 時間戳記 2025-02-11 18:42:29.036580 ===
目前執行函式：wait_for_scan_complete

2025-02-11 18:42:29,206 - 進入函式：check_scan
2025-02-11 18:42:29,553 - 離開函式：check_scan
2025-02-11 18:42:31,890 - 進入函式：check_scan
2025-02-11 18:42:32,234 - 離開函式：check_scan
2025-02-11 18:42:34,042 - === 時間戳記 2025-02-11 18:42:34.042923 ===
目前執行函式：wait_for_scan_complete

2025-02-11 18:42:34,574 - 進入函式：check_scan
2025-02-11 18:42:34,924 - 離開函式：check_scan
2025-02-11 18:42:37,261 - 進入函式：check_scan
2025-02-11 18:42:37,606 - 離開函式：check_scan
2025-02-11 18:42:39,048 - === 時間戳記 2025-02-11 18:42:39.048936 ===
目前執行函式：wait_for_scan_complete

2025-02-11 18:42:39,946 - 進入函式：check_scan
2025-02-11 18:42:40,291 - 離開函式：check_scan
2025-02-11 18:42:42,631 - 進入函式：check_scan
2025-02-11 18:42:42,977 - 離開函式：check_scan
2025-02-11 18:42:44,056 - === 時間戳記 2025-02-11 18:42:44.056655 ===
目前執行函式：wait_for_scan_complete

2025-02-11 18:42:45,316 - 進入函式：check_scan
2025-02-11 18:42:45,662 - 離開函式：check_scan
2025-02-11 18:42:48,001 - 進入函式：check_scan
2025-02-11 18:42:48,345 - 離開函式：check_scan
2025-02-11 18:42:49,063 - === 時間戳記 2025-02-11 18:42:49.063476 ===
目前執行函式：wait_for_scan_complete

2025-02-11 18:42:50,684 - 進入函式：check_scan
2025-02-11 18:42:51,029 - 離開函式：check_scan
2025-02-11 18:42:53,368 - 進入函式：check_scan
2025-02-11 18:42:53,712 - 離開函式：check_scan
2025-02-11 18:42:54,070 - === 時間戳記 2025-02-11 18:42:54.070316 ===
目前執行函式：wait_for_scan_complete

2025-02-11 18:42:56,060 - 進入函式：check_scan
2025-02-11 18:42:56,403 - 離開函式：check_scan
2025-02-11 18:42:58,743 - 進入函式：check_scan
2025-02-11 18:42:59,076 - === 時間戳記 2025-02-11 18:42:59.076703 ===
目前執行函式：check_scan -> wait_for_scan_complete

2025-02-11 18:42:59,088 - 離開函式：check_scan
2025-02-11 18:43:01,429 - 進入函式：check_scan
2025-02-11 18:43:01,773 - 離開函式：check_scan
2025-02-11 18:43:04,083 - === 時間戳記 2025-02-11 18:43:04.083672 ===
目前執行函式：wait_for_scan_complete

2025-02-11 18:43:04,112 - 進入函式：check_scan
2025-02-11 18:43:04,457 - 離開函式：check_scan
2025-02-11 18:43:06,802 - 進入函式：check_scan
2025-02-11 18:43:07,146 - 離開函式：check_scan
2025-02-11 18:43:09,090 - === 時間戳記 2025-02-11 18:43:09.090340 ===
目前執行函式：wait_for_scan_complete

2025-02-11 18:43:09,484 - 進入函式：check_scan
2025-02-11 18:43:09,830 - 離開函式：check_scan
2025-02-11 18:43:12,168 - 進入函式：check_scan
2025-02-11 18:43:12,513 - 離開函式：check_scan
2025-02-11 18:43:14,096 - === 時間戳記 2025-02-11 18:43:14.096405 ===
目前執行函式：wait_for_scan_complete

2025-02-11 18:43:14,852 - 進入函式：check_scan
2025-02-11 18:43:15,200 - 離開函式：check_scan
2025-02-11 18:43:17,539 - 進入函式：check_scan
2025-02-11 18:43:17,885 - 離開函式：check_scan
2025-02-11 18:43:19,102 - === 時間戳記 2025-02-11 18:43:19.102147 ===
目前執行函式：wait_for_scan_complete

2025-02-11 18:43:20,227 - 進入函式：check_scan
2025-02-11 18:43:20,571 - 離開函式：check_scan
2025-02-11 18:43:22,910 - 進入函式：check_scan
2025-02-11 18:43:23,245 - 離開函式：check_scan
2025-02-11 18:43:24,108 - === 時間戳記 2025-02-11 18:43:24.108444 ===
目前執行函式：wait_for_scan_complete

2025-02-11 18:43:25,581 - 進入函式：check_scan
2025-02-11 18:43:25,916 - 離開函式：check_scan
2025-02-11 18:43:28,249 - 進入函式：check_scan
2025-02-11 18:43:28,585 - 離開函式：check_scan
2025-02-11 18:43:29,115 - === 時間戳記 2025-02-11 18:43:29.115922 ===
目前執行函式：wait_for_scan_complete

2025-02-11 18:43:30,914 - 進入函式：check_scan
2025-02-11 18:43:31,255 - 離開函式：check_scan
2025-02-11 18:43:33,583 - 進入函式：check_scan
2025-02-11 18:43:33,918 - 離開函式：check_scan
2025-02-11 18:43:34,122 - === 時間戳記 2025-02-11 18:43:34.122057 ===
目前執行函式：wait_for_scan_complete

2025-02-11 18:43:36,589 - 進入函式：check_scan
