2025-02-11 23:06:51,790 - 進入函式：wait_for_scan_complete
2025-02-11 23:06:51,790 - 進入函式：check_scan
2025-02-11 23:06:52,967 - 離開函式：check_scan
2025-02-11 23:06:55,299 - 進入函式：check_scan
2025-02-11 23:06:55,643 - 離開函式：check_scan
2025-02-11 23:06:56,795 - === 時間戳記 2025-02-11 23:06:56.795406 ===
目前執行函式：wait_for_scan_complete

2025-02-11 23:06:57,974 - 進入函式：check_scan
2025-02-11 23:06:58,327 - 離開函式：check_scan
2025-02-11 23:07:00,665 - 進入函式：check_scan
2025-02-11 23:07:01,010 - 離開函式：check_scan
2025-02-11 23:07:01,800 - === 時間戳記 2025-02-11 23:07:01.800825 ===
目前執行函式：wait_for_scan_complete

2025-02-11 23:07:03,349 - 進入函式：check_scan
2025-02-11 23:07:03,694 - 離開函式：check_scan
2025-02-11 23:07:06,035 - 進入函式：check_scan
2025-02-11 23:07:06,378 - 離開函式：check_scan
2025-02-11 23:07:06,808 - === 時間戳記 2025-02-11 23:07:06.808019 ===
目前執行函式：wait_for_scan_complete

2025-02-11 23:07:08,719 - 進入函式：check_scan
2025-02-11 23:07:09,071 - 離開函式：check_scan
2025-02-11 23:07:11,409 - 進入函式：check_scan
2025-02-11 23:07:11,754 - 離開函式：check_scan
2025-02-11 23:07:11,814 - === 時間戳記 2025-02-11 23:07:11.814827 ===
目前執行函式：wait_for_scan_complete

2025-02-11 23:07:14,094 - 進入函式：check_scan
2025-02-11 23:07:14,446 - 離開函式：check_scan
2025-02-11 23:07:16,782 - 進入函式：check_scan
2025-02-11 23:07:16,821 - === 時間戳記 2025-02-11 23:07:16.821359 ===
目前執行函式：wait_for_scan_complete -> check_scan

2025-02-11 23:07:17,132 - 離開函式：check_scan
2025-02-11 23:07:19,468 - 進入函式：check_scan
2025-02-11 23:07:19,813 - 離開函式：check_scan
2025-02-11 23:07:21,826 - === 時間戳記 2025-02-11 23:07:21.826490 ===
目前執行函式：wait_for_scan_complete

2025-02-11 23:07:22,157 - 進入函式：check_scan
2025-02-11 23:07:22,498 - 離開函式：check_scan
2025-02-11 23:07:24,835 - 進入函式：check_scan
2025-02-11 23:07:25,171 - 離開函式：check_scan
2025-02-11 23:07:26,831 - === 時間戳記 2025-02-11 23:07:26.831770 ===
目前執行函式：wait_for_scan_complete

2025-02-11 23:07:27,501 - 進入函式：check_scan
2025-02-11 23:07:27,837 - 離開函式：check_scan
2025-02-11 23:07:30,170 - 進入函式：check_scan
2025-02-11 23:07:30,505 - 離開函式：check_scan
2025-02-11 23:07:31,838 - === 時間戳記 2025-02-11 23:07:31.838074 ===
目前執行函式：wait_for_scan_complete

2025-02-11 23:07:32,835 - 進入函式：check_scan
2025-02-11 23:07:33,172 - 離開函式：check_scan
2025-02-11 23:07:35,517 - 進入函式：check_scan
2025-02-11 23:07:35,861 - 離開函式：check_scan
2025-02-11 23:07:36,843 - === 時間戳記 2025-02-11 23:07:36.843135 ===
目前執行函式：wait_for_scan_complete

2025-02-11 23:07:38,199 - 進入函式：check_scan
2025-02-11 23:07:38,535 - 離開函式：check_scan
2025-02-11 23:07:40,872 - 進入函式：check_scan
2025-02-11 23:07:41,208 - 離開函式：check_scan
2025-02-11 23:07:41,849 - === 時間戳記 2025-02-11 23:07:41.849601 ===
目前執行函式：wait_for_scan_complete

2025-02-11 23:07:43,546 - 進入函式：check_scan
2025-02-11 23:07:43,890 - 離開函式：check_scan
2025-02-11 23:07:46,220 - 進入函式：check_scan
2025-02-11 23:07:46,560 - 離開函式：check_scan
2025-02-11 23:07:46,856 - === 時間戳記 2025-02-11 23:07:46.856380 ===
目前執行函式：wait_for_scan_complete

2025-02-11 23:07:48,896 - 進入函式：check_scan
2025-02-11 23:07:49,242 - 離開函式：check_scan
2025-02-11 23:07:51,862 - === 時間戳記 2025-02-11 23:07:51.862371 ===
目前執行函式：wait_for_scan_complete

2025-02-11 23:07:56,869 - === 時間戳記 2025-02-11 23:07:56.869440 ===
目前執行函式：wait_for_scan_complete

2025-02-11 23:08:01,876 - === 時間戳記 2025-02-11 23:08:01.876025 ===
目前執行函式：wait_for_scan_complete

2025-02-11 23:08:06,881 - === 時間戳記 2025-02-11 23:08:06.881057 ===
目前執行函式：wait_for_scan_complete

2025-02-11 23:08:11,887 - === 時間戳記 2025-02-11 23:08:11.887202 ===
目前執行函式：wait_for_scan_complete

2025-02-11 23:08:16,893 - === 時間戳記 2025-02-11 23:08:16.893291 ===
目前執行函式：wait_for_scan_complete

2025-02-11 23:08:21,899 - === 時間戳記 2025-02-11 23:08:21.899459 ===
目前執行函式：wait_for_scan_complete

2025-02-11 23:08:26,905 - === 時間戳記 2025-02-11 23:08:26.905841 ===
目前執行函式：wait_for_scan_complete

2025-02-11 23:08:31,910 - === 時間戳記 2025-02-11 23:08:31.910856 ===
目前執行函式：wait_for_scan_complete

2025-02-11 23:08:36,917 - === 時間戳記 2025-02-11 23:08:36.917221 ===
目前執行函式：wait_for_scan_complete

2025-02-11 23:08:41,922 - === 時間戳記 2025-02-11 23:08:41.922417 ===
目前執行函式：wait_for_scan_complete

2025-02-11 23:08:46,927 - === 時間戳記 2025-02-11 23:08:46.927572 ===
目前執行函式：wait_for_scan_complete

2025-02-11 23:08:51,933 - === 時間戳記 2025-02-11 23:08:51.933070 ===
目前執行函式：wait_for_scan_complete

2025-02-11 23:08:56,938 - === 時間戳記 2025-02-11 23:08:56.938678 ===
目前執行函式：wait_for_scan_complete

2025-02-11 23:09:01,944 - === 時間戳記 2025-02-11 23:09:01.944221 ===
目前執行函式：wait_for_scan_complete

2025-02-11 23:09:06,949 - === 時間戳記 2025-02-11 23:09:06.949501 ===
目前執行函式：wait_for_scan_complete

2025-02-11 23:09:11,954 - === 時間戳記 2025-02-11 23:09:11.954999 ===
目前執行函式：wait_for_scan_complete

2025-02-11 23:09:16,961 - === 時間戳記 2025-02-11 23:09:16.961767 ===
目前執行函式：wait_for_scan_complete

2025-02-11 23:09:21,966 - === 時間戳記 2025-02-11 23:09:21.966130 ===
目前執行函式：wait_for_scan_complete

2025-02-11 23:09:26,970 - === 時間戳記 2025-02-11 23:09:26.970926 ===
目前執行函式：wait_for_scan_complete

2025-02-11 23:09:31,977 - === 時間戳記 2025-02-11 23:09:31.977527 ===
目前執行函式：wait_for_scan_complete

2025-02-11 23:09:36,981 - === 時間戳記 2025-02-11 23:09:36.981943 ===
目前執行函式：wait_for_scan_complete

2025-02-11 23:09:41,986 - === 時間戳記 2025-02-11 23:09:41.986760 ===
目前執行函式：wait_for_scan_complete

2025-02-11 23:09:46,991 - === 時間戳記 2025-02-11 23:09:46.991926 ===
目前執行函式：wait_for_scan_complete

2025-02-11 23:09:51,997 - === 時間戳記 2025-02-11 23:09:51.997361 ===
目前執行函式：wait_for_scan_complete

2025-02-11 23:09:57,003 - === 時間戳記 2025-02-11 23:09:57.003873 ===
目前執行函式：wait_for_scan_complete

2025-02-11 23:10:02,009 - === 時間戳記 2025-02-11 23:10:02.009386 ===
目前執行函式：wait_for_scan_complete

2025-02-11 23:10:07,016 - === 時間戳記 2025-02-11 23:10:07.016176 ===
目前執行函式：wait_for_scan_complete

2025-02-11 23:10:12,020 - === 時間戳記 2025-02-11 23:10:12.020997 ===
目前執行函式：wait_for_scan_complete

2025-02-11 23:10:17,027 - === 時間戳記 2025-02-11 23:10:17.027546 ===
目前執行函式：wait_for_scan_complete

2025-02-11 23:10:22,033 - === 時間戳記 2025-02-11 23:10:22.033248 ===
目前執行函式：wait_for_scan_complete

2025-02-11 23:10:27,038 - === 時間戳記 2025-02-11 23:10:27.038339 ===
目前執行函式：wait_for_scan_complete

2025-02-11 23:10:32,045 - === 時間戳記 2025-02-11 23:10:32.045220 ===
目前執行函式：wait_for_scan_complete

2025-02-11 23:10:37,051 - === 時間戳記 2025-02-11 23:10:37.051677 ===
目前執行函式：wait_for_scan_complete

2025-02-11 23:10:42,056 - === 時間戳記 2025-02-11 23:10:42.056906 ===
目前執行函式：wait_for_scan_complete

2025-02-11 23:10:47,062 - === 時間戳記 2025-02-11 23:10:47.062319 ===
目前執行函式：wait_for_scan_complete

2025-02-11 23:10:52,070 - === 時間戳記 2025-02-11 23:10:52.070397 ===
目前執行函式：wait_for_scan_complete

2025-02-11 23:10:57,076 - === 時間戳記 2025-02-11 23:10:57.076597 ===
目前執行函式：wait_for_scan_complete

2025-02-11 23:11:02,082 - === 時間戳記 2025-02-11 23:11:02.082135 ===
目前執行函式：wait_for_scan_complete

2025-02-11 23:11:07,087 - === 時間戳記 2025-02-11 23:11:07.087021 ===
目前執行函式：wait_for_scan_complete

2025-02-11 23:11:12,093 - === 時間戳記 2025-02-11 23:11:12.093711 ===
目前執行函式：wait_for_scan_complete

2025-02-11 23:11:17,101 - === 時間戳記 2025-02-11 23:11:17.101699 ===
目前執行函式：wait_for_scan_complete

2025-02-11 23:11:22,107 - === 時間戳記 2025-02-11 23:11:22.107756 ===
目前執行函式：wait_for_scan_complete

2025-02-11 23:11:27,115 - === 時間戳記 2025-02-11 23:11:27.115193 ===
目前執行函式：wait_for_scan_complete

2025-02-11 23:11:32,121 - === 時間戳記 2025-02-11 23:11:32.121170 ===
目前執行函式：wait_for_scan_complete

2025-02-11 23:11:37,126 - === 時間戳記 2025-02-11 23:11:37.126584 ===
目前執行函式：wait_for_scan_complete

2025-02-11 23:11:42,131 - === 時間戳記 2025-02-11 23:11:42.131936 ===
目前執行函式：wait_for_scan_complete

2025-02-11 23:11:47,139 - === 時間戳記 2025-02-11 23:11:47.139183 ===
目前執行函式：wait_for_scan_complete

2025-02-11 23:11:52,144 - === 時間戳記 2025-02-11 23:11:52.144393 ===
目前執行函式：wait_for_scan_complete

2025-02-11 23:11:57,149 - === 時間戳記 2025-02-11 23:11:57.149946 ===
目前執行函式：wait_for_scan_complete

2025-02-11 23:12:02,154 - === 時間戳記 2025-02-11 23:12:02.154629 ===
目前執行函式：wait_for_scan_complete

2025-02-11 23:12:07,160 - === 時間戳記 2025-02-11 23:12:07.160233 ===
目前執行函式：wait_for_scan_complete

2025-02-11 23:12:12,165 - === 時間戳記 2025-02-11 23:12:12.165189 ===
目前執行函式：wait_for_scan_complete

2025-02-11 23:12:17,170 - === 時間戳記 2025-02-11 23:12:17.170419 ===
目前執行函式：wait_for_scan_complete

2025-02-11 23:12:22,174 - === 時間戳記 2025-02-11 23:12:22.174116 ===
目前執行函式：wait_for_scan_complete

2025-02-11 23:12:27,178 - === 時間戳記 2025-02-11 23:12:27.178274 ===
目前執行函式：wait_for_scan_complete

2025-02-11 23:12:32,183 - === 時間戳記 2025-02-11 23:12:32.183153 ===
目前執行函式：wait_for_scan_complete

2025-02-11 23:12:37,187 - === 時間戳記 2025-02-11 23:12:37.187259 ===
目前執行函式：wait_for_scan_complete

2025-02-11 23:12:42,191 - === 時間戳記 2025-02-11 23:12:42.191375 ===
目前執行函式：wait_for_scan_complete

2025-02-11 23:12:47,195 - === 時間戳記 2025-02-11 23:12:47.195742 ===
目前執行函式：wait_for_scan_complete

2025-02-11 23:12:52,200 - === 時間戳記 2025-02-11 23:12:52.200091 ===
目前執行函式：wait_for_scan_complete

2025-02-11 23:12:57,205 - === 時間戳記 2025-02-11 23:12:57.205465 ===
目前執行函式：wait_for_scan_complete

2025-02-11 23:13:02,209 - === 時間戳記 2025-02-11 23:13:02.209608 ===
目前執行函式：wait_for_scan_complete

2025-02-11 23:13:07,213 - === 時間戳記 2025-02-11 23:13:07.213928 ===
目前執行函式：wait_for_scan_complete

2025-02-11 23:13:12,218 - === 時間戳記 2025-02-11 23:13:12.218976 ===
目前執行函式：wait_for_scan_complete

2025-02-11 23:13:17,223 - === 時間戳記 2025-02-11 23:13:17.223516 ===
目前執行函式：wait_for_scan_complete

2025-02-11 23:13:22,229 - === 時間戳記 2025-02-11 23:13:22.229823 ===
目前執行函式：wait_for_scan_complete

2025-02-11 23:13:27,234 - === 時間戳記 2025-02-11 23:13:27.234815 ===
目前執行函式：wait_for_scan_complete

2025-02-11 23:13:32,239 - === 時間戳記 2025-02-11 23:13:32.239244 ===
目前執行函式：wait_for_scan_complete

2025-02-11 23:13:37,243 - === 時間戳記 2025-02-11 23:13:37.243566 ===
目前執行函式：wait_for_scan_complete

2025-02-11 23:13:42,248 - === 時間戳記 2025-02-11 23:13:42.248315 ===
目前執行函式：wait_for_scan_complete

2025-02-11 23:13:47,252 - === 時間戳記 2025-02-11 23:13:47.252596 ===
目前執行函式：wait_for_scan_complete

2025-02-11 23:13:52,258 - === 時間戳記 2025-02-11 23:13:52.258032 ===
目前執行函式：wait_for_scan_complete

2025-02-11 23:13:57,262 - === 時間戳記 2025-02-11 23:13:57.262998 ===
目前執行函式：wait_for_scan_complete

2025-02-11 23:14:02,269 - === 時間戳記 2025-02-11 23:14:02.269632 ===
目前執行函式：wait_for_scan_complete

2025-02-11 23:14:07,274 - === 時間戳記 2025-02-11 23:14:07.274524 ===
目前執行函式：wait_for_scan_complete

2025-02-11 23:14:12,278 - === 時間戳記 2025-02-11 23:14:12.278983 ===
目前執行函式：wait_for_scan_complete

2025-02-11 23:14:17,284 - === 時間戳記 2025-02-11 23:14:17.284839 ===
目前執行函式：wait_for_scan_complete

2025-02-11 23:14:22,289 - === 時間戳記 2025-02-11 23:14:22.289537 ===
目前執行函式：wait_for_scan_complete

2025-02-11 23:14:27,294 - === 時間戳記 2025-02-11 23:14:27.294093 ===
目前執行函式：wait_for_scan_complete

2025-02-11 23:14:32,299 - === 時間戳記 2025-02-11 23:14:32.299449 ===
目前執行函式：wait_for_scan_complete

2025-02-11 23:14:37,304 - === 時間戳記 2025-02-11 23:14:37.304574 ===
目前執行函式：wait_for_scan_complete

2025-02-11 23:14:42,310 - === 時間戳記 2025-02-11 23:14:42.310934 ===
目前執行函式：wait_for_scan_complete

2025-02-11 23:14:47,315 - === 時間戳記 2025-02-11 23:14:47.315292 ===
目前執行函式：wait_for_scan_complete

2025-02-11 23:14:52,319 - === 時間戳記 2025-02-11 23:14:52.319300 ===
目前執行函式：wait_for_scan_complete

2025-02-11 23:14:57,324 - === 時間戳記 2025-02-11 23:14:57.324014 ===
目前執行函式：wait_for_scan_complete

2025-02-11 23:15:02,329 - === 時間戳記 2025-02-11 23:15:02.329200 ===
目前執行函式：wait_for_scan_complete

2025-02-11 23:15:07,334 - === 時間戳記 2025-02-11 23:15:07.334524 ===
目前執行函式：wait_for_scan_complete

2025-02-11 23:15:12,338 - === 時間戳記 2025-02-11 23:15:12.338855 ===
目前執行函式：wait_for_scan_complete

2025-02-11 23:15:17,343 - === 時間戳記 2025-02-11 23:15:17.343117 ===
目前執行函式：wait_for_scan_complete

2025-02-11 23:15:22,348 - === 時間戳記 2025-02-11 23:15:22.348028 ===
目前執行函式：wait_for_scan_complete

2025-02-11 23:15:27,353 - === 時間戳記 2025-02-11 23:15:27.353225 ===
目前執行函式：wait_for_scan_complete

2025-02-11 23:15:32,357 - === 時間戳記 2025-02-11 23:15:32.357681 ===
目前執行函式：wait_for_scan_complete

2025-02-11 23:15:37,362 - === 時間戳記 2025-02-11 23:15:37.362595 ===
目前執行函式：wait_for_scan_complete

2025-02-11 23:15:42,367 - === 時間戳記 2025-02-11 23:15:42.367919 ===
目前執行函式：wait_for_scan_complete

2025-02-11 23:15:47,373 - === 時間戳記 2025-02-11 23:15:47.373407 ===
目前執行函式：wait_for_scan_complete

2025-02-11 23:15:52,378 - === 時間戳記 2025-02-11 23:15:52.378489 ===
目前執行函式：wait_for_scan_complete

2025-02-11 23:15:57,383 - === 時間戳記 2025-02-11 23:15:57.383386 ===
目前執行函式：wait_for_scan_complete

2025-02-11 23:16:02,387 - === 時間戳記 2025-02-11 23:16:02.387967 ===
目前執行函式：wait_for_scan_complete

2025-02-11 23:16:07,392 - === 時間戳記 2025-02-11 23:16:07.392088 ===
目前執行函式：wait_for_scan_complete

2025-02-11 23:16:12,396 - === 時間戳記 2025-02-11 23:16:12.396797 ===
目前執行函式：wait_for_scan_complete

2025-02-11 23:16:17,402 - === 時間戳記 2025-02-11 23:16:17.402806 ===
目前執行函式：wait_for_scan_complete

2025-02-11 23:16:22,407 - === 時間戳記 2025-02-11 23:16:22.407782 ===
目前執行函式：wait_for_scan_complete

2025-02-11 23:16:27,414 - === 時間戳記 2025-02-11 23:16:27.414276 ===
目前執行函式：wait_for_scan_complete

2025-02-11 23:16:32,419 - === 時間戳記 2025-02-11 23:16:32.419816 ===
目前執行函式：wait_for_scan_complete

2025-02-11 23:16:37,426 - === 時間戳記 2025-02-11 23:16:37.426068 ===
目前執行函式：wait_for_scan_complete

2025-02-11 23:16:42,430 - === 時間戳記 2025-02-11 23:16:42.430788 ===
目前執行函式：wait_for_scan_complete

2025-02-11 23:16:47,436 - === 時間戳記 2025-02-11 23:16:47.436007 ===
目前執行函式：wait_for_scan_complete

2025-02-11 23:16:52,440 - === 時間戳記 2025-02-11 23:16:52.440877 ===
目前執行函式：wait_for_scan_complete

2025-02-11 23:16:57,446 - === 時間戳記 2025-02-11 23:16:57.446744 ===
目前執行函式：wait_for_scan_complete

2025-02-11 23:17:02,451 - === 時間戳記 2025-02-11 23:17:02.451925 ===
目前執行函式：wait_for_scan_complete

2025-02-11 23:17:07,457 - === 時間戳記 2025-02-11 23:17:07.457235 ===
目前執行函式：wait_for_scan_complete

2025-02-11 23:17:12,461 - === 時間戳記 2025-02-11 23:17:12.461416 ===
目前執行函式：wait_for_scan_complete

2025-02-11 23:17:17,466 - === 時間戳記 2025-02-11 23:17:17.466406 ===
目前執行函式：wait_for_scan_complete

2025-02-11 23:17:22,471 - === 時間戳記 2025-02-11 23:17:22.471880 ===
目前執行函式：wait_for_scan_complete

2025-02-11 23:17:27,477 - === 時間戳記 2025-02-11 23:17:27.477418 ===
目前執行函式：wait_for_scan_complete

2025-02-11 23:17:32,481 - === 時間戳記 2025-02-11 23:17:32.481861 ===
目前執行函式：wait_for_scan_complete

2025-02-11 23:17:37,486 - === 時間戳記 2025-02-11 23:17:37.486021 ===
目前執行函式：wait_for_scan_complete

2025-02-11 23:17:42,490 - === 時間戳記 2025-02-11 23:17:42.490876 ===
目前執行函式：wait_for_scan_complete

2025-02-11 23:17:47,495 - === 時間戳記 2025-02-11 23:17:47.495981 ===
目前執行函式：wait_for_scan_complete

2025-02-11 23:17:52,500 - === 時間戳記 2025-02-11 23:17:52.500294 ===
目前執行函式：wait_for_scan_complete

2025-02-11 23:17:57,505 - === 時間戳記 2025-02-11 23:17:57.505253 ===
目前執行函式：wait_for_scan_complete

2025-02-11 23:18:02,510 - === 時間戳記 2025-02-11 23:18:02.510017 ===
目前執行函式：wait_for_scan_complete

2025-02-11 23:18:07,514 - === 時間戳記 2025-02-11 23:18:07.514545 ===
目前執行函式：wait_for_scan_complete

2025-02-11 23:18:12,520 - === 時間戳記 2025-02-11 23:18:12.520932 ===
目前執行函式：wait_for_scan_complete

2025-02-11 23:18:17,525 - === 時間戳記 2025-02-11 23:18:17.525591 ===
目前執行函式：wait_for_scan_complete

2025-02-11 23:18:22,530 - === 時間戳記 2025-02-11 23:18:22.530636 ===
目前執行函式：wait_for_scan_complete

2025-02-11 23:18:27,535 - === 時間戳記 2025-02-11 23:18:27.535009 ===
目前執行函式：wait_for_scan_complete

2025-02-11 23:18:32,539 - === 時間戳記 2025-02-11 23:18:32.539732 ===
目前執行函式：wait_for_scan_complete

2025-02-11 23:18:37,544 - === 時間戳記 2025-02-11 23:18:37.544833 ===
目前執行函式：wait_for_scan_complete

2025-02-11 23:18:42,549 - === 時間戳記 2025-02-11 23:18:42.549287 ===
目前執行函式：wait_for_scan_complete

2025-02-11 23:18:47,555 - === 時間戳記 2025-02-11 23:18:47.555000 ===
目前執行函式：wait_for_scan_complete

2025-02-11 23:18:52,559 - === 時間戳記 2025-02-11 23:18:52.559697 ===
目前執行函式：wait_for_scan_complete

2025-02-11 23:18:57,564 - === 時間戳記 2025-02-11 23:18:57.564091 ===
目前執行函式：wait_for_scan_complete

2025-02-11 23:19:02,569 - === 時間戳記 2025-02-11 23:19:02.569501 ===
目前執行函式：wait_for_scan_complete

2025-02-11 23:19:07,574 - === 時間戳記 2025-02-11 23:19:07.574782 ===
目前執行函式：wait_for_scan_complete

2025-02-11 23:19:12,580 - === 時間戳記 2025-02-11 23:19:12.580307 ===
目前執行函式：wait_for_scan_complete

2025-02-11 23:19:17,585 - === 時間戳記 2025-02-11 23:19:17.585198 ===
目前執行函式：wait_for_scan_complete

2025-02-11 23:19:22,589 - === 時間戳記 2025-02-11 23:19:22.589928 ===
目前執行函式：wait_for_scan_complete

2025-02-11 23:19:27,596 - === 時間戳記 2025-02-11 23:19:27.596163 ===
目前執行函式：wait_for_scan_complete

2025-02-11 23:19:32,601 - === 時間戳記 2025-02-11 23:19:32.601658 ===
目前執行函式：wait_for_scan_complete

2025-02-11 23:19:37,606 - === 時間戳記 2025-02-11 23:19:37.606659 ===
目前執行函式：wait_for_scan_complete

2025-02-11 23:19:42,612 - === 時間戳記 2025-02-11 23:19:42.612621 ===
目前執行函式：wait_for_scan_complete

2025-02-11 23:19:47,617 - === 時間戳記 2025-02-11 23:19:47.617767 ===
目前執行函式：wait_for_scan_complete

2025-02-11 23:19:52,623 - === 時間戳記 2025-02-11 23:19:52.623849 ===
目前執行函式：wait_for_scan_complete

2025-02-11 23:19:57,629 - === 時間戳記 2025-02-11 23:19:57.629235 ===
目前執行函式：wait_for_scan_complete

2025-02-11 23:20:02,634 - === 時間戳記 2025-02-11 23:20:02.634825 ===
目前執行函式：wait_for_scan_complete

2025-02-11 23:20:07,640 - === 時間戳記 2025-02-11 23:20:07.640298 ===
目前執行函式：wait_for_scan_complete

2025-02-11 23:20:12,645 - === 時間戳記 2025-02-11 23:20:12.645652 ===
目前執行函式：wait_for_scan_complete

2025-02-11 23:20:17,650 - === 時間戳記 2025-02-11 23:20:17.650576 ===
目前執行函式：wait_for_scan_complete

2025-02-11 23:20:22,656 - === 時間戳記 2025-02-11 23:20:22.656467 ===
目前執行函式：wait_for_scan_complete

2025-02-11 23:20:27,662 - === 時間戳記 2025-02-11 23:20:27.662205 ===
目前執行函式：wait_for_scan_complete

2025-02-11 23:20:32,668 - === 時間戳記 2025-02-11 23:20:32.668144 ===
目前執行函式：wait_for_scan_complete

2025-02-11 23:20:37,673 - === 時間戳記 2025-02-11 23:20:37.673123 ===
目前執行函式：wait_for_scan_complete

2025-02-11 23:20:42,677 - === 時間戳記 2025-02-11 23:20:42.677960 ===
目前執行函式：wait_for_scan_complete

2025-02-11 23:20:47,684 - === 時間戳記 2025-02-11 23:20:47.684988 ===
目前執行函式：wait_for_scan_complete

2025-02-11 23:20:52,689 - === 時間戳記 2025-02-11 23:20:52.689775 ===
目前執行函式：wait_for_scan_complete

2025-02-11 23:20:57,695 - === 時間戳記 2025-02-11 23:20:57.695020 ===
目前執行函式：wait_for_scan_complete

2025-02-11 23:21:02,701 - === 時間戳記 2025-02-11 23:21:02.701229 ===
目前執行函式：wait_for_scan_complete

2025-02-11 23:21:07,705 - === 時間戳記 2025-02-11 23:21:07.705869 ===
目前執行函式：wait_for_scan_complete

2025-02-11 23:21:12,713 - === 時間戳記 2025-02-11 23:21:12.713171 ===
目前執行函式：wait_for_scan_complete

2025-02-11 23:21:17,719 - === 時間戳記 2025-02-11 23:21:17.719001 ===
目前執行函式：wait_for_scan_complete

2025-02-11 23:21:22,724 - === 時間戳記 2025-02-11 23:21:22.724431 ===
目前執行函式：wait_for_scan_complete

2025-02-11 23:21:27,730 - === 時間戳記 2025-02-11 23:21:27.730878 ===
目前執行函式：wait_for_scan_complete

2025-02-11 23:21:32,736 - === 時間戳記 2025-02-11 23:21:32.736275 ===
目前執行函式：wait_for_scan_complete

2025-02-11 23:21:37,741 - === 時間戳記 2025-02-11 23:21:37.741475 ===
目前執行函式：wait_for_scan_complete

2025-02-11 23:21:42,746 - === 時間戳記 2025-02-11 23:21:42.746953 ===
目前執行函式：wait_for_scan_complete

2025-02-11 23:21:47,751 - === 時間戳記 2025-02-11 23:21:47.751999 ===
目前執行函式：wait_for_scan_complete

2025-02-11 23:21:52,758 - === 時間戳記 2025-02-11 23:21:52.758217 ===
目前執行函式：wait_for_scan_complete

2025-02-11 23:21:57,763 - === 時間戳記 2025-02-11 23:21:57.763234 ===
目前執行函式：wait_for_scan_complete

2025-02-11 23:22:02,768 - === 時間戳記 2025-02-11 23:22:02.768386 ===
目前執行函式：wait_for_scan_complete

2025-02-11 23:22:07,775 - === 時間戳記 2025-02-11 23:22:07.775479 ===
目前執行函式：wait_for_scan_complete

2025-02-11 23:22:12,779 - === 時間戳記 2025-02-11 23:22:12.779873 ===
目前執行函式：wait_for_scan_complete

2025-02-11 23:22:17,784 - === 時間戳記 2025-02-11 23:22:17.784535 ===
目前執行函式：wait_for_scan_complete

2025-02-11 23:22:22,789 - === 時間戳記 2025-02-11 23:22:22.789449 ===
目前執行函式：wait_for_scan_complete

2025-02-11 23:22:27,793 - === 時間戳記 2025-02-11 23:22:27.793471 ===
目前執行函式：wait_for_scan_complete

2025-02-11 23:22:32,797 - === 時間戳記 2025-02-11 23:22:32.797849 ===
目前執行函式：wait_for_scan_complete

2025-02-11 23:22:37,802 - === 時間戳記 2025-02-11 23:22:37.802486 ===
目前執行函式：wait_for_scan_complete

2025-02-11 23:22:42,807 - === 時間戳記 2025-02-11 23:22:42.807755 ===
目前執行函式：wait_for_scan_complete

2025-02-11 23:22:47,814 - === 時間戳記 2025-02-11 23:22:47.814336 ===
目前執行函式：wait_for_scan_complete

2025-02-11 23:22:52,821 - === 時間戳記 2025-02-11 23:22:52.821051 ===
目前執行函式：wait_for_scan_complete

2025-02-11 23:22:57,828 - === 時間戳記 2025-02-11 23:22:57.828511 ===
目前執行函式：wait_for_scan_complete

2025-02-11 23:23:02,835 - === 時間戳記 2025-02-11 23:23:02.835383 ===
目前執行函式：wait_for_scan_complete

2025-02-11 23:23:07,841 - === 時間戳記 2025-02-11 23:23:07.841346 ===
目前執行函式：wait_for_scan_complete

2025-02-11 23:23:12,846 - === 時間戳記 2025-02-11 23:23:12.846525 ===
目前執行函式：wait_for_scan_complete

2025-02-11 23:23:17,851 - === 時間戳記 2025-02-11 23:23:17.851095 ===
目前執行函式：wait_for_scan_complete

2025-02-11 23:23:22,858 - === 時間戳記 2025-02-11 23:23:22.858567 ===
目前執行函式：wait_for_scan_complete

2025-02-11 23:23:27,864 - === 時間戳記 2025-02-11 23:23:27.864618 ===
目前執行函式：wait_for_scan_complete

2025-02-11 23:23:32,870 - === 時間戳記 2025-02-11 23:23:32.870404 ===
目前執行函式：wait_for_scan_complete

2025-02-11 23:23:37,875 - === 時間戳記 2025-02-11 23:23:37.875260 ===
目前執行函式：wait_for_scan_complete

2025-02-11 23:23:42,880 - === 時間戳記 2025-02-11 23:23:42.880369 ===
目前執行函式：wait_for_scan_complete

2025-02-11 23:23:47,884 - === 時間戳記 2025-02-11 23:23:47.884645 ===
目前執行函式：wait_for_scan_complete

2025-02-11 23:23:52,888 - === 時間戳記 2025-02-11 23:23:52.888304 ===
目前執行函式：wait_for_scan_complete

2025-02-11 23:23:57,893 - === 時間戳記 2025-02-11 23:23:57.893660 ===
目前執行函式：wait_for_scan_complete

2025-02-11 23:24:02,899 - === 時間戳記 2025-02-11 23:24:02.899198 ===
目前執行函式：wait_for_scan_complete

2025-02-11 23:24:07,904 - === 時間戳記 2025-02-11 23:24:07.904783 ===
目前執行函式：wait_for_scan_complete

2025-02-11 23:24:12,910 - === 時間戳記 2025-02-11 23:24:12.910431 ===
目前執行函式：wait_for_scan_complete

2025-02-11 23:24:17,915 - === 時間戳記 2025-02-11 23:24:17.915157 ===
目前執行函式：wait_for_scan_complete

2025-02-11 23:24:22,920 - === 時間戳記 2025-02-11 23:24:22.920425 ===
目前執行函式：wait_for_scan_complete

2025-02-11 23:24:27,925 - === 時間戳記 2025-02-11 23:24:27.925524 ===
目前執行函式：wait_for_scan_complete

2025-02-11 23:24:32,930 - === 時間戳記 2025-02-11 23:24:32.930011 ===
目前執行函式：wait_for_scan_complete

2025-02-11 23:24:37,934 - === 時間戳記 2025-02-11 23:24:37.934633 ===
目前執行函式：wait_for_scan_complete

2025-02-11 23:24:42,939 - === 時間戳記 2025-02-11 23:24:42.939402 ===
目前執行函式：wait_for_scan_complete

2025-02-11 23:24:47,944 - === 時間戳記 2025-02-11 23:24:47.944676 ===
目前執行函式：wait_for_scan_complete

2025-02-11 23:24:52,949 - === 時間戳記 2025-02-11 23:24:52.949558 ===
目前執行函式：wait_for_scan_complete

2025-02-11 23:24:57,955 - === 時間戳記 2025-02-11 23:24:57.955409 ===
目前執行函式：wait_for_scan_complete

2025-02-11 23:25:02,961 - === 時間戳記 2025-02-11 23:25:02.961734 ===
目前執行函式：wait_for_scan_complete

2025-02-11 23:25:07,966 - === 時間戳記 2025-02-11 23:25:07.966094 ===
目前執行函式：wait_for_scan_complete

2025-02-11 23:25:12,971 - === 時間戳記 2025-02-11 23:25:12.971095 ===
目前執行函式：wait_for_scan_complete

2025-02-11 23:25:17,979 - === 時間戳記 2025-02-11 23:25:17.979064 ===
目前執行函式：wait_for_scan_complete

2025-02-11 23:25:23,004 - === 時間戳記 2025-02-11 23:25:23.004814 ===
目前執行函式：wait_for_scan_complete

2025-02-11 23:25:28,011 - === 時間戳記 2025-02-11 23:25:28.011626 ===
目前執行函式：wait_for_scan_complete

2025-02-11 23:25:33,017 - === 時間戳記 2025-02-11 23:25:33.017759 ===
目前執行函式：wait_for_scan_complete

2025-02-11 23:25:38,024 - === 時間戳記 2025-02-11 23:25:38.024771 ===
目前執行函式：wait_for_scan_complete

2025-02-11 23:25:43,030 - === 時間戳記 2025-02-11 23:25:43.030723 ===
目前執行函式：wait_for_scan_complete

2025-02-11 23:25:48,038 - === 時間戳記 2025-02-11 23:25:48.038767 ===
目前執行函式：wait_for_scan_complete

2025-02-11 23:25:53,043 - === 時間戳記 2025-02-11 23:25:53.043059 ===
目前執行函式：wait_for_scan_complete

2025-02-11 23:25:58,049 - === 時間戳記 2025-02-11 23:25:58.049495 ===
目前執行函式：wait_for_scan_complete

2025-02-11 23:26:03,055 - === 時間戳記 2025-02-11 23:26:03.055773 ===
目前執行函式：wait_for_scan_complete

2025-02-11 23:26:08,062 - === 時間戳記 2025-02-11 23:26:08.062386 ===
目前執行函式：wait_for_scan_complete

2025-02-11 23:26:13,070 - === 時間戳記 2025-02-11 23:26:13.070635 ===
目前執行函式：wait_for_scan_complete

2025-02-11 23:26:18,078 - === 時間戳記 2025-02-11 23:26:18.078007 ===
目前執行函式：wait_for_scan_complete

2025-02-11 23:26:23,084 - === 時間戳記 2025-02-11 23:26:23.084588 ===
目前執行函式：wait_for_scan_complete

2025-02-11 23:26:28,092 - === 時間戳記 2025-02-11 23:26:28.092098 ===
目前執行函式：wait_for_scan_complete

2025-02-11 23:26:33,097 - === 時間戳記 2025-02-11 23:26:33.097478 ===
目前執行函式：wait_for_scan_complete

2025-02-11 23:26:38,103 - === 時間戳記 2025-02-11 23:26:38.103241 ===
目前執行函式：wait_for_scan_complete

2025-02-11 23:26:43,109 - === 時間戳記 2025-02-11 23:26:43.109143 ===
目前執行函式：wait_for_scan_complete

2025-02-11 23:26:48,116 - === 時間戳記 2025-02-11 23:26:48.116032 ===
目前執行函式：wait_for_scan_complete

2025-02-11 23:26:53,121 - === 時間戳記 2025-02-11 23:26:53.121573 ===
目前執行函式：wait_for_scan_complete

