2025-02-13 13:06:28,688 - 進入函式：standard_local_msts_cits
2025-02-13 13:06:28,725 - 進入函式：wait_for_scan_complete
2025-02-13 13:06:28,725 - 進入函式：check_scan
2025-02-13 13:06:29,905 - 離開函式：check_scan
2025-02-13 13:06:32,238 - 進入函式：check_scan
2025-02-13 13:06:32,578 - 離開函式：check_scan
2025-02-13 13:06:33,694 - === 時間戳記 2025-02-13 13:06:33.694884 ===
目前執行函式：standard_local_msts_cits -> wait_for_scan_complete

2025-02-13 13:06:34,910 - 進入函式：check_scan
2025-02-13 13:06:35,262 - 離開函式：check_scan
2025-02-13 13:06:37,598 - 進入函式：check_scan
2025-02-13 13:06:37,942 - 離開函式：check_scan
2025-02-13 13:06:38,700 - === 時間戳記 2025-02-13 13:06:38.700779 ===
目前執行函式：standard_local_msts_cits -> wait_for_scan_complete

2025-02-13 13:06:40,279 - 進入函式：check_scan
2025-02-13 13:06:40,622 - 離開函式：check_scan
2025-02-13 13:06:42,961 - 進入函式：check_scan
2025-02-13 13:06:43,305 - 離開函式：check_scan
2025-02-13 13:06:43,705 - === 時間戳記 2025-02-13 13:06:43.705380 ===
目前執行函式：standard_local_msts_cits -> wait_for_scan_complete

2025-02-13 13:06:45,642 - 進入函式：check_scan
2025-02-13 13:06:45,986 - 離開函式：check_scan
2025-02-13 13:06:48,323 - 進入函式：check_scan
2025-02-13 13:06:48,666 - 離開函式：check_scan
2025-02-13 13:06:48,711 - === 時間戳記 2025-02-13 13:06:48.711483 ===
目前執行函式：standard_local_msts_cits -> wait_for_scan_complete

2025-02-13 13:06:51,004 - 進入函式：check_scan
2025-02-13 13:06:51,349 - 離開函式：check_scan
2025-02-13 13:06:53,686 - 進入函式：check_scan
2025-02-13 13:06:53,718 - === 時間戳記 2025-02-13 13:06:53.718132 ===
目前執行函式：standard_local_msts_cits -> wait_for_scan_complete -> check_scan

2025-02-13 13:06:54,031 - 離開函式：check_scan
2025-02-13 13:06:56,370 - 進入函式：check_scan
2025-02-13 13:06:56,714 - 離開函式：check_scan
2025-02-13 13:06:58,725 - === 時間戳記 2025-02-13 13:06:58.725095 ===
目前執行函式：standard_local_msts_cits -> wait_for_scan_complete

2025-02-13 13:06:59,051 - 進入函式：check_scan
2025-02-13 13:06:59,395 - 離開函式：check_scan
2025-02-13 13:07:01,734 - 進入函式：check_scan
2025-02-13 13:07:02,083 - 離開函式：check_scan
2025-02-13 13:07:03,732 - === 時間戳記 2025-02-13 13:07:03.732093 ===
目前執行函式：standard_local_msts_cits -> wait_for_scan_complete

2025-02-13 13:07:04,419 - 進入函式：check_scan
2025-02-13 13:07:04,763 - 離開函式：check_scan
2025-02-13 13:07:07,099 - 進入函式：check_scan
2025-02-13 13:07:07,442 - 離開函式：check_scan
2025-02-13 13:07:08,738 - === 時間戳記 2025-02-13 13:07:08.738150 ===
目前執行函式：standard_local_msts_cits -> wait_for_scan_complete

2025-02-13 13:07:09,780 - 進入函式：check_scan
2025-02-13 13:07:10,123 - 離開函式：check_scan
2025-02-13 13:07:12,460 - 進入函式：check_scan
2025-02-13 13:07:12,807 - 離開函式：check_scan
2025-02-13 13:07:13,744 - === 時間戳記 2025-02-13 13:07:13.744442 ===
目前執行函式：standard_local_msts_cits -> wait_for_scan_complete

2025-02-13 13:07:15,142 - 進入函式：check_scan
2025-02-13 13:07:15,486 - 離開函式：check_scan
2025-02-13 13:07:17,823 - 進入函式：check_scan
2025-02-13 13:07:18,166 - 離開函式：check_scan
2025-02-13 13:07:18,750 - === 時間戳記 2025-02-13 13:07:18.750124 ===
目前執行函式：standard_local_msts_cits -> wait_for_scan_complete

2025-02-13 13:07:20,512 - 進入函式：check_scan
2025-02-13 13:07:20,854 - 離開函式：check_scan
2025-02-13 13:07:23,191 - 進入函式：check_scan
2025-02-13 13:07:23,534 - 離開函式：check_scan
2025-02-13 13:07:23,756 - === 時間戳記 2025-02-13 13:07:23.756176 ===
目前執行函式：standard_local_msts_cits -> wait_for_scan_complete

2025-02-13 13:07:25,871 - 進入函式：check_scan
2025-02-13 13:07:26,215 - 離開函式：check_scan
2025-02-13 13:07:28,552 - 進入函式：check_scan
2025-02-13 13:07:28,761 - === 時間戳記 2025-02-13 13:07:28.761304 ===
目前執行函式：standard_local_msts_cits -> wait_for_scan_complete -> check_scan

2025-02-13 13:07:28,895 - 離開函式：check_scan
2025-02-13 13:07:31,232 - 進入函式：check_scan
2025-02-13 13:07:31,575 - 離開函式：check_scan
2025-02-13 13:07:33,767 - === 時間戳記 2025-02-13 13:07:33.767225 ===
目前執行函式：standard_local_msts_cits -> wait_for_scan_complete

2025-02-13 13:07:33,913 - 進入函式：check_scan
2025-02-13 13:07:34,258 - 離開函式：check_scan
2025-02-13 13:07:36,592 - 進入函式：check_scan
2025-02-13 13:07:36,937 - 離開函式：check_scan
2025-02-13 13:07:38,773 - === 時間戳記 2025-02-13 13:07:38.773853 ===
目前執行函式：standard_local_msts_cits -> wait_for_scan_complete

2025-02-13 13:07:39,274 - 進入函式：check_scan
2025-02-13 13:07:39,618 - 離開函式：check_scan
2025-02-13 13:07:41,954 - 進入函式：check_scan
2025-02-13 13:07:42,297 - 離開函式：check_scan
2025-02-13 13:07:43,780 - === 時間戳記 2025-02-13 13:07:43.780123 ===
目前執行函式：standard_local_msts_cits -> wait_for_scan_complete

2025-02-13 13:07:44,634 - 進入函式：check_scan
2025-02-13 13:07:44,977 - 離開函式：check_scan
2025-02-13 13:07:47,314 - 進入函式：check_scan
2025-02-13 13:07:47,655 - 離開函式：check_scan
2025-02-13 13:07:48,785 - === 時間戳記 2025-02-13 13:07:48.785907 ===
目前執行函式：standard_local_msts_cits -> wait_for_scan_complete

2025-02-13 13:07:49,993 - 進入函式：check_scan
2025-02-13 13:07:50,334 - 離開函式：check_scan
2025-02-13 13:07:52,672 - 進入函式：check_scan
2025-02-13 13:07:53,015 - 離開函式：check_scan
2025-02-13 13:07:53,791 - === 時間戳記 2025-02-13 13:07:53.791599 ===
目前執行函式：standard_local_msts_cits -> wait_for_scan_complete

2025-02-13 13:07:55,353 - 進入函式：check_scan
2025-02-13 13:07:55,695 - 離開函式：check_scan
2025-02-13 13:07:58,038 - 進入函式：check_scan
2025-02-13 13:07:58,378 - 離開函式：check_scan
2025-02-13 13:07:58,797 - === 時間戳記 2025-02-13 13:07:58.797777 ===
目前執行函式：standard_local_msts_cits -> wait_for_scan_complete

2025-02-13 13:08:00,716 - 進入函式：check_scan
2025-02-13 13:08:01,058 - 離開函式：check_scan
2025-02-13 13:08:03,396 - 進入函式：check_scan
2025-02-13 13:08:03,741 - 離開函式：check_scan
2025-02-13 13:08:03,805 - === 時間戳記 2025-02-13 13:08:03.805641 ===
目前執行函式：standard_local_msts_cits -> wait_for_scan_complete

2025-02-13 13:08:06,077 - 進入函式：check_scan
2025-02-13 13:08:06,419 - 離開函式：check_scan
2025-02-13 13:08:08,756 - 進入函式：check_scan
2025-02-13 13:08:08,811 - === 時間戳記 2025-02-13 13:08:08.811917 ===
目前執行函式：standard_local_msts_cits -> wait_for_scan_complete -> check_scan

2025-02-13 13:08:09,101 - 離開函式：check_scan
2025-02-13 13:08:11,436 - 進入函式：check_scan
2025-02-13 13:08:11,780 - 離開函式：check_scan
2025-02-13 13:08:13,817 - === 時間戳記 2025-02-13 13:08:13.817154 ===
目前執行函式：standard_local_msts_cits -> wait_for_scan_complete

2025-02-13 13:08:14,117 - 進入函式：check_scan
2025-02-13 13:08:14,460 - 離開函式：check_scan
2025-02-13 13:08:16,799 - 進入函式：check_scan
2025-02-13 13:08:17,140 - 離開函式：check_scan
2025-02-13 13:08:18,822 - === 時間戳記 2025-02-13 13:08:18.822437 ===
目前執行函式：standard_local_msts_cits -> wait_for_scan_complete

2025-02-13 13:08:19,477 - 進入函式：check_scan
2025-02-13 13:08:19,821 - 離開函式：check_scan
2025-02-13 13:08:22,161 - 進入函式：check_scan
2025-02-13 13:08:22,503 - 離開函式：check_scan
2025-02-13 13:08:23,827 - === 時間戳記 2025-02-13 13:08:23.827912 ===
目前執行函式：standard_local_msts_cits -> wait_for_scan_complete

2025-02-13 13:08:24,840 - 進入函式：check_scan
2025-02-13 13:08:25,185 - 離開函式：check_scan
2025-02-13 13:08:27,522 - 進入函式：check_scan
2025-02-13 13:08:27,865 - 離開函式：check_scan
2025-02-13 13:08:28,834 - === 時間戳記 2025-02-13 13:08:28.834646 ===
目前執行函式：standard_local_msts_cits -> wait_for_scan_complete

2025-02-13 13:08:30,203 - 進入函式：check_scan
2025-02-13 13:08:30,546 - 離開函式：check_scan
2025-02-13 13:08:32,883 - 進入函式：check_scan
2025-02-13 13:08:33,227 - 離開函式：check_scan
2025-02-13 13:08:33,840 - === 時間戳記 2025-02-13 13:08:33.840783 ===
目前執行函式：standard_local_msts_cits -> wait_for_scan_complete

2025-02-13 13:08:35,564 - 進入函式：check_scan
2025-02-13 13:08:35,907 - 離開函式：check_scan
2025-02-13 13:08:38,244 - 進入函式：check_scan
2025-02-13 13:08:38,587 - 離開函式：check_scan
2025-02-13 13:08:38,845 - === 時間戳記 2025-02-13 13:08:38.845967 ===
目前執行函式：standard_local_msts_cits -> wait_for_scan_complete

2025-02-13 13:08:40,925 - 進入函式：check_scan
2025-02-13 13:08:41,268 - 離開函式：check_scan
2025-02-13 13:08:43,605 - 進入函式：check_scan
2025-02-13 13:08:43,851 - === 時間戳記 2025-02-13 13:08:43.851518 ===
目前執行函式：standard_local_msts_cits -> wait_for_scan_complete -> check_scan

2025-02-13 13:08:43,951 - 離開函式：check_scan
2025-02-13 13:08:46,287 - 進入函式：check_scan
2025-02-13 13:08:46,630 - 離開函式：check_scan
2025-02-13 13:08:48,855 - === 時間戳記 2025-02-13 13:08:48.855864 ===
目前執行函式：standard_local_msts_cits -> wait_for_scan_complete

2025-02-13 13:08:48,967 - 進入函式：check_scan
2025-02-13 13:08:49,317 - 離開函式：check_scan
2025-02-13 13:08:51,653 - 進入函式：check_scan
2025-02-13 13:08:51,995 - 離開函式：check_scan
2025-02-13 13:08:53,860 - === 時間戳記 2025-02-13 13:08:53.860996 ===
目前執行函式：standard_local_msts_cits -> wait_for_scan_complete

2025-02-13 13:08:54,333 - 進入函式：check_scan
2025-02-13 13:08:54,677 - 離開函式：check_scan
2025-02-13 13:08:57,014 - 進入函式：check_scan
2025-02-13 13:08:57,357 - 離開函式：check_scan
2025-02-13 13:08:58,867 - === 時間戳記 2025-02-13 13:08:58.867705 ===
目前執行函式：standard_local_msts_cits -> wait_for_scan_complete

2025-02-13 13:08:59,694 - 進入函式：check_scan
2025-02-13 13:09:00,038 - 離開函式：check_scan
2025-02-13 13:09:02,380 - 進入函式：check_scan
2025-02-13 13:09:02,722 - 離開函式：check_scan
2025-02-13 13:09:03,872 - === 時間戳記 2025-02-13 13:09:03.872884 ===
目前執行函式：standard_local_msts_cits -> wait_for_scan_complete

2025-02-13 13:09:05,059 - 進入函式：check_scan
2025-02-13 13:09:05,401 - 離開函式：check_scan
2025-02-13 13:09:07,743 - 進入函式：check_scan
2025-02-13 13:09:08,085 - 離開函式：check_scan
2025-02-13 13:09:08,877 - === 時間戳記 2025-02-13 13:09:08.877913 ===
目前執行函式：standard_local_msts_cits -> wait_for_scan_complete

2025-02-13 13:09:10,422 - 進入函式：check_scan
2025-02-13 13:09:10,765 - 離開函式：check_scan
2025-02-13 13:09:13,103 - 進入函式：check_scan
2025-02-13 13:09:13,451 - 離開函式：check_scan
2025-02-13 13:09:13,883 - === 時間戳記 2025-02-13 13:09:13.883100 ===
目前執行函式：standard_local_msts_cits -> wait_for_scan_complete

2025-02-13 13:09:15,786 - 進入函式：check_scan
2025-02-13 13:09:16,129 - 離開函式：check_scan
2025-02-13 13:09:18,466 - 進入函式：check_scan
2025-02-13 13:09:18,810 - 離開函式：check_scan
2025-02-13 13:09:18,888 - === 時間戳記 2025-02-13 13:09:18.888526 ===
目前執行函式：standard_local_msts_cits -> wait_for_scan_complete

2025-02-13 13:09:21,146 - 進入函式：check_scan
2025-02-13 13:09:21,490 - 離開函式：check_scan
2025-02-13 13:09:23,826 - 進入函式：check_scan
2025-02-13 13:09:23,894 - === 時間戳記 2025-02-13 13:09:23.894277 ===
目前執行函式：standard_local_msts_cits -> wait_for_scan_complete -> check_scan

2025-02-13 13:09:24,169 - 離開函式：check_scan
2025-02-13 13:09:26,505 - 進入函式：check_scan
2025-02-13 13:09:26,848 - 離開函式：check_scan
2025-02-13 13:09:28,899 - === 時間戳記 2025-02-13 13:09:28.899769 ===
目前執行函式：standard_local_msts_cits -> wait_for_scan_complete

2025-02-13 13:09:29,185 - 進入函式：check_scan
2025-02-13 13:09:29,528 - 離開函式：check_scan
2025-02-13 13:09:31,866 - 進入函式：check_scan
2025-02-13 13:09:32,210 - 離開函式：check_scan
2025-02-13 13:09:33,906 - === 時間戳記 2025-02-13 13:09:33.906281 ===
目前執行函式：standard_local_msts_cits -> wait_for_scan_complete

2025-02-13 13:09:34,548 - 進入函式：check_scan
2025-02-13 13:09:34,891 - 離開函式：check_scan
2025-02-13 13:09:37,228 - 進入函式：check_scan
2025-02-13 13:09:37,570 - 離開函式：check_scan
2025-02-13 13:09:38,910 - === 時間戳記 2025-02-13 13:09:38.910948 ===
目前執行函式：standard_local_msts_cits -> wait_for_scan_complete

2025-02-13 13:09:39,907 - 進入函式：check_scan
2025-02-13 13:09:40,251 - 離開函式：check_scan
2025-02-13 13:09:42,587 - 進入函式：check_scan
2025-02-13 13:09:42,931 - 離開函式：check_scan
2025-02-13 13:09:43,916 - === 時間戳記 2025-02-13 13:09:43.916313 ===
目前執行函式：standard_local_msts_cits -> wait_for_scan_complete

2025-02-13 13:09:45,268 - 進入函式：check_scan
2025-02-13 13:09:45,612 - 離開函式：check_scan
2025-02-13 13:09:47,948 - 進入函式：check_scan
2025-02-13 13:09:48,294 - 離開函式：check_scan
2025-02-13 13:09:48,923 - === 時間戳記 2025-02-13 13:09:48.923220 ===
目前執行函式：standard_local_msts_cits -> wait_for_scan_complete

2025-02-13 13:09:50,630 - 進入函式：check_scan
2025-02-13 13:09:50,973 - 離開函式：check_scan
2025-02-13 13:09:53,310 - 進入函式：check_scan
2025-02-13 13:09:53,654 - 離開函式：check_scan
2025-02-13 13:09:53,929 - === 時間戳記 2025-02-13 13:09:53.929376 ===
目前執行函式：standard_local_msts_cits -> wait_for_scan_complete

2025-02-13 13:09:55,994 - 進入函式：check_scan
2025-02-13 13:09:56,336 - 離開函式：check_scan
2025-02-13 13:09:58,673 - 進入函式：check_scan
2025-02-13 13:09:58,935 - === 時間戳記 2025-02-13 13:09:58.935068 ===
目前執行函式：standard_local_msts_cits -> wait_for_scan_complete -> check_scan

2025-02-13 13:09:59,016 - 離開函式：check_scan
2025-02-13 13:10:01,354 - 進入函式：check_scan
2025-02-13 13:10:01,698 - 離開函式：check_scan
2025-02-13 13:10:03,940 - === 時間戳記 2025-02-13 13:10:03.940139 ===
目前執行函式：standard_local_msts_cits -> wait_for_scan_complete

2025-02-13 13:10:04,036 - 進入函式：check_scan
2025-02-13 13:10:04,379 - 離開函式：check_scan
2025-02-13 13:10:06,716 - 進入函式：check_scan
2025-02-13 13:10:07,063 - 離開函式：check_scan
2025-02-13 13:10:08,945 - === 時間戳記 2025-02-13 13:10:08.945115 ===
目前執行函式：standard_local_msts_cits -> wait_for_scan_complete

2025-02-13 13:10:09,398 - 進入函式：check_scan
2025-02-13 13:10:09,741 - 離開函式：check_scan
2025-02-13 13:10:12,078 - 進入函式：check_scan
2025-02-13 13:10:12,421 - 離開函式：check_scan
2025-02-13 13:10:13,950 - === 時間戳記 2025-02-13 13:10:13.950693 ===
目前執行函式：standard_local_msts_cits -> wait_for_scan_complete

2025-02-13 13:10:14,757 - 進入函式：check_scan
2025-02-13 13:10:15,101 - 離開函式：check_scan
2025-02-13 13:10:17,439 - 進入函式：check_scan
2025-02-13 13:10:17,780 - 離開函式：check_scan
2025-02-13 13:10:18,956 - === 時間戳記 2025-02-13 13:10:18.956627 ===
目前執行函式：standard_local_msts_cits -> wait_for_scan_complete

2025-02-13 13:10:20,120 - 進入函式：check_scan
2025-02-13 13:10:20,461 - 離開函式：check_scan
2025-02-13 13:10:22,798 - 進入函式：check_scan
2025-02-13 13:10:23,141 - 離開函式：check_scan
2025-02-13 13:10:23,963 - === 時間戳記 2025-02-13 13:10:23.963041 ===
目前執行函式：standard_local_msts_cits -> wait_for_scan_complete

2025-02-13 13:10:25,478 - 進入函式：check_scan
2025-02-13 13:10:25,823 - 離開函式：check_scan
2025-02-13 13:10:28,160 - 進入函式：check_scan
2025-02-13 13:10:28,503 - 離開函式：check_scan
2025-02-13 13:10:28,968 - === 時間戳記 2025-02-13 13:10:28.968875 ===
目前執行函式：standard_local_msts_cits -> wait_for_scan_complete

2025-02-13 13:10:30,840 - 進入函式：check_scan
2025-02-13 13:10:31,185 - 離開函式：check_scan
2025-02-13 13:10:33,520 - 進入函式：check_scan
2025-02-13 13:10:33,864 - 離開函式：check_scan
2025-02-13 13:10:33,974 - === 時間戳記 2025-02-13 13:10:33.974429 ===
目前執行函式：standard_local_msts_cits -> wait_for_scan_complete

2025-02-13 13:10:36,200 - 進入函式：check_scan
2025-02-13 13:10:36,543 - 離開函式：check_scan
2025-02-13 13:10:38,880 - 進入函式：check_scan
2025-02-13 13:10:38,981 - === 時間戳記 2025-02-13 13:10:38.981057 ===
目前執行函式：standard_local_msts_cits -> wait_for_scan_complete -> check_scan

2025-02-13 13:10:39,224 - 離開函式：check_scan
2025-02-13 13:10:41,562 - 進入函式：check_scan
2025-02-13 13:10:41,905 - 離開函式：check_scan
2025-02-13 13:10:43,988 - === 時間戳記 2025-02-13 13:10:43.988096 ===
目前執行函式：standard_local_msts_cits -> wait_for_scan_complete

2025-02-13 13:10:44,243 - 進入函式：check_scan
2025-02-13 13:10:44,586 - 離開函式：check_scan
2025-02-13 13:10:46,923 - 進入函式：check_scan
2025-02-13 13:10:47,265 - 離開函式：check_scan
2025-02-13 13:10:48,993 - === 時間戳記 2025-02-13 13:10:48.993741 ===
目前執行函式：standard_local_msts_cits -> wait_for_scan_complete

2025-02-13 13:10:49,605 - 進入函式：check_scan
2025-02-13 13:10:49,947 - 離開函式：check_scan
2025-02-13 13:10:52,284 - 進入函式：check_scan
2025-02-13 13:10:52,626 - 離開函式：check_scan
2025-02-13 13:10:54,000 - === 時間戳記 2025-02-13 13:10:54.000055 ===
目前執行函式：standard_local_msts_cits -> wait_for_scan_complete

2025-02-13 13:10:54,964 - 進入函式：check_scan
2025-02-13 13:10:55,307 - 離開函式：check_scan
2025-02-13 13:10:57,643 - 進入函式：check_scan
2025-02-13 13:10:57,986 - 離開函式：check_scan
2025-02-13 13:10:59,005 - === 時間戳記 2025-02-13 13:10:59.005626 ===
目前執行函式：standard_local_msts_cits -> wait_for_scan_complete

2025-02-13 13:11:00,324 - 進入函式：check_scan
2025-02-13 13:11:00,667 - 離開函式：check_scan
2025-02-13 13:11:03,005 - 進入函式：check_scan
2025-02-13 13:11:03,349 - 離開函式：check_scan
2025-02-13 13:11:04,011 - === 時間戳記 2025-02-13 13:11:04.011098 ===
目前執行函式：standard_local_msts_cits -> wait_for_scan_complete

2025-02-13 13:11:05,686 - 進入函式：check_scan
2025-02-13 13:11:06,029 - 離開函式：check_scan
2025-02-13 13:11:08,366 - 進入函式：check_scan
2025-02-13 13:11:08,709 - 離開函式：check_scan
2025-02-13 13:11:09,017 - === 時間戳記 2025-02-13 13:11:09.017155 ===
目前執行函式：standard_local_msts_cits -> wait_for_scan_complete

2025-02-13 13:11:11,045 - 進入函式：check_scan
2025-02-13 13:11:11,390 - 離開函式：check_scan
2025-02-13 13:11:13,727 - 進入函式：check_scan
2025-02-13 13:11:14,023 - === 時間戳記 2025-02-13 13:11:14.023428 ===
目前執行函式：standard_local_msts_cits -> wait_for_scan_complete -> check_scan

2025-02-13 13:11:14,070 - 離開函式：check_scan
2025-02-13 13:11:16,408 - 進入函式：check_scan
2025-02-13 13:11:16,752 - 離開函式：check_scan
2025-02-13 13:11:19,028 - === 時間戳記 2025-02-13 13:11:19.028781 ===
目前執行函式：standard_local_msts_cits -> wait_for_scan_complete

2025-02-13 13:11:19,087 - 進入函式：check_scan
2025-02-13 13:11:19,431 - 離開函式：check_scan
2025-02-13 13:11:21,768 - 進入函式：check_scan
2025-02-13 13:11:22,112 - 離開函式：check_scan
2025-02-13 13:11:24,033 - === 時間戳記 2025-02-13 13:11:24.033696 ===
目前執行函式：standard_local_msts_cits -> wait_for_scan_complete

2025-02-13 13:11:24,450 - 進入函式：check_scan
2025-02-13 13:11:24,793 - 離開函式：check_scan
2025-02-13 13:11:27,129 - 進入函式：check_scan
2025-02-13 13:11:27,472 - 離開函式：check_scan
2025-02-13 13:11:29,040 - === 時間戳記 2025-02-13 13:11:29.040374 ===
目前執行函式：standard_local_msts_cits -> wait_for_scan_complete

2025-02-13 13:11:29,808 - 進入函式：check_scan
2025-02-13 13:11:30,151 - 離開函式：check_scan
2025-02-13 13:11:32,489 - 進入函式：check_scan
2025-02-13 13:11:32,834 - 離開函式：check_scan
2025-02-13 13:11:34,047 - === 時間戳記 2025-02-13 13:11:34.047085 ===
目前執行函式：standard_local_msts_cits -> wait_for_scan_complete

2025-02-13 13:11:35,169 - 進入函式：check_scan
2025-02-13 13:11:35,511 - 離開函式：check_scan
2025-02-13 13:11:37,848 - 進入函式：check_scan
2025-02-13 13:11:38,192 - 離開函式：check_scan
2025-02-13 13:11:39,052 - === 時間戳記 2025-02-13 13:11:39.052848 ===
目前執行函式：standard_local_msts_cits -> wait_for_scan_complete

2025-02-13 13:11:40,528 - 進入函式：check_scan
2025-02-13 13:11:40,871 - 離開函式：check_scan
2025-02-13 13:11:43,209 - 進入函式：check_scan
2025-02-13 13:11:43,552 - 離開函式：check_scan
2025-02-13 13:11:44,058 - === 時間戳記 2025-02-13 13:11:44.058756 ===
目前執行函式：standard_local_msts_cits -> wait_for_scan_complete

2025-02-13 13:11:45,889 - 進入函式：check_scan
2025-02-13 13:11:46,232 - 離開函式：check_scan
2025-02-13 13:11:48,569 - 進入函式：check_scan
2025-02-13 13:11:48,913 - 離開函式：check_scan
2025-02-13 13:11:49,063 - === 時間戳記 2025-02-13 13:11:49.063752 ===
目前執行函式：standard_local_msts_cits -> wait_for_scan_complete

2025-02-13 13:11:51,253 - 進入函式：check_scan
2025-02-13 13:11:51,594 - 離開函式：check_scan
2025-02-13 13:11:53,933 - 進入函式：check_scan
2025-02-13 13:11:54,068 - === 時間戳記 2025-02-13 13:11:54.068964 ===
目前執行函式：standard_local_msts_cits -> wait_for_scan_complete -> check_scan

2025-02-13 13:11:54,276 - 離開函式：check_scan
2025-02-13 13:11:56,616 - 進入函式：check_scan
2025-02-13 13:11:56,956 - 離開函式：check_scan
2025-02-13 13:11:59,075 - === 時間戳記 2025-02-13 13:11:59.075269 ===
目前執行函式：standard_local_msts_cits -> wait_for_scan_complete

2025-02-13 13:11:59,294 - 進入函式：check_scan
2025-02-13 13:11:59,638 - 離開函式：check_scan
2025-02-13 13:12:01,975 - 進入函式：check_scan
2025-02-13 13:12:02,318 - 離開函式：check_scan
2025-02-13 13:12:04,081 - === 時間戳記 2025-02-13 13:12:04.081978 ===
目前執行函式：standard_local_msts_cits -> wait_for_scan_complete

2025-02-13 13:12:04,655 - 進入函式：check_scan
2025-02-13 13:12:04,998 - 離開函式：check_scan
2025-02-13 13:12:07,335 - 進入函式：check_scan
2025-02-13 13:12:07,679 - 離開函式：check_scan
2025-02-13 13:12:09,088 - === 時間戳記 2025-02-13 13:12:09.088187 ===
目前執行函式：standard_local_msts_cits -> wait_for_scan_complete

2025-02-13 13:12:10,013 - 進入函式：check_scan
2025-02-13 13:12:10,357 - 離開函式：check_scan
2025-02-13 13:12:12,695 - 進入函式：check_scan
2025-02-13 13:12:13,039 - 離開函式：check_scan
2025-02-13 13:12:14,094 - === 時間戳記 2025-02-13 13:12:14.094803 ===
目前執行函式：standard_local_msts_cits -> wait_for_scan_complete

2025-02-13 13:12:15,376 - 進入函式：check_scan
2025-02-13 13:12:15,719 - 離開函式：check_scan
2025-02-13 13:12:18,057 - 進入函式：check_scan
2025-02-13 13:12:18,402 - 離開函式：check_scan
2025-02-13 13:12:19,101 - === 時間戳記 2025-02-13 13:12:19.101076 ===
目前執行函式：standard_local_msts_cits -> wait_for_scan_complete

2025-02-13 13:12:20,738 - 進入函式：check_scan
2025-02-13 13:12:21,082 - 離開函式：check_scan
2025-02-13 13:12:23,420 - 進入函式：check_scan
2025-02-13 13:12:23,763 - 離開函式：check_scan
2025-02-13 13:12:24,107 - === 時間戳記 2025-02-13 13:12:24.107780 ===
目前執行函式：standard_local_msts_cits -> wait_for_scan_complete

2025-02-13 13:12:26,101 - 進入函式：check_scan
2025-02-13 13:12:26,445 - 離開函式：check_scan
2025-02-13 13:12:28,782 - 進入函式：check_scan
2025-02-13 13:12:29,112 - === 時間戳記 2025-02-13 13:12:29.112510 ===
目前執行函式：standard_local_msts_cits -> wait_for_scan_complete -> check_scan

2025-02-13 13:12:29,125 - 離開函式：check_scan
2025-02-13 13:12:31,462 - 進入函式：check_scan
2025-02-13 13:12:31,807 - 離開函式：check_scan
2025-02-13 13:12:34,118 - === 時間戳記 2025-02-13 13:12:34.118252 ===
目前執行函式：standard_local_msts_cits -> wait_for_scan_complete

2025-02-13 13:12:34,143 - 進入函式：check_scan
2025-02-13 13:12:34,488 - 離開函式：check_scan
2025-02-13 13:12:36,824 - 進入函式：check_scan
2025-02-13 13:12:37,167 - 離開函式：check_scan
2025-02-13 13:12:39,123 - === 時間戳記 2025-02-13 13:12:39.123981 ===
目前執行函式：standard_local_msts_cits -> wait_for_scan_complete

2025-02-13 13:12:39,505 - 進入函式：check_scan
2025-02-13 13:12:39,848 - 離開函式：check_scan
2025-02-13 13:12:42,186 - 進入函式：check_scan
2025-02-13 13:12:42,530 - 離開函式：check_scan
2025-02-13 13:12:44,129 - === 時間戳記 2025-02-13 13:12:44.129867 ===
目前執行函式：standard_local_msts_cits -> wait_for_scan_complete

2025-02-13 13:12:44,867 - 進入函式：check_scan
2025-02-13 13:12:45,211 - 離開函式：check_scan
2025-02-13 13:12:47,548 - 進入函式：check_scan
2025-02-13 13:12:47,893 - 離開函式：check_scan
2025-02-13 13:12:49,136 - === 時間戳記 2025-02-13 13:12:49.136036 ===
目前執行函式：standard_local_msts_cits -> wait_for_scan_complete

2025-02-13 13:12:50,230 - 進入函式：check_scan
2025-02-13 13:12:50,573 - 離開函式：check_scan
2025-02-13 13:12:52,911 - 進入函式：check_scan
2025-02-13 13:12:53,255 - 離開函式：check_scan
2025-02-13 13:12:54,141 - === 時間戳記 2025-02-13 13:12:54.141070 ===
目前執行函式：standard_local_msts_cits -> wait_for_scan_complete

2025-02-13 13:12:55,593 - 進入函式：check_scan
2025-02-13 13:12:55,936 - 離開函式：check_scan
2025-02-13 13:12:58,272 - 進入函式：check_scan
2025-02-13 13:12:58,616 - 離開函式：check_scan
2025-02-13 13:12:59,146 - === 時間戳記 2025-02-13 13:12:59.146322 ===
目前執行函式：standard_local_msts_cits -> wait_for_scan_complete

2025-02-13 13:13:00,956 - 進入函式：check_scan
2025-02-13 13:13:01,298 - 離開函式：check_scan
2025-02-13 13:13:03,636 - 進入函式：check_scan
2025-02-13 13:13:03,979 - 離開函式：check_scan
2025-02-13 13:13:04,151 - === 時間戳記 2025-02-13 13:13:04.151876 ===
目前執行函式：standard_local_msts_cits -> wait_for_scan_complete

2025-02-13 13:13:06,317 - 進入函式：check_scan
2025-02-13 13:13:06,660 - 離開函式：check_scan
2025-02-13 13:13:08,997 - 進入函式：check_scan
2025-02-13 13:13:09,157 - === 時間戳記 2025-02-13 13:13:09.157575 ===
目前執行函式：standard_local_msts_cits -> wait_for_scan_complete -> check_scan

2025-02-13 13:13:09,341 - 離開函式：check_scan
2025-02-13 13:13:11,678 - 進入函式：check_scan
2025-02-13 13:13:12,022 - 離開函式：check_scan
2025-02-13 13:13:14,163 - === 時間戳記 2025-02-13 13:13:14.163377 ===
目前執行函式：standard_local_msts_cits -> wait_for_scan_complete

2025-02-13 13:13:14,358 - 進入函式：check_scan
2025-02-13 13:13:14,700 - 離開函式：check_scan
2025-02-13 13:13:17,037 - 進入函式：check_scan
2025-02-13 13:13:17,381 - 離開函式：check_scan
2025-02-13 13:13:19,170 - === 時間戳記 2025-02-13 13:13:19.170443 ===
目前執行函式：standard_local_msts_cits -> wait_for_scan_complete

2025-02-13 13:13:19,718 - 進入函式：check_scan
2025-02-13 13:13:20,062 - 離開函式：check_scan
2025-02-13 13:13:22,400 - 進入函式：check_scan
2025-02-13 13:13:22,742 - 離開函式：check_scan
2025-02-13 13:13:24,175 - === 時間戳記 2025-02-13 13:13:24.175427 ===
目前執行函式：standard_local_msts_cits -> wait_for_scan_complete

2025-02-13 13:13:25,081 - 進入函式：check_scan
2025-02-13 13:13:25,424 - 離開函式：check_scan
2025-02-13 13:13:27,762 - 進入函式：check_scan
2025-02-13 13:13:28,104 - 離開函式：check_scan
2025-02-13 13:13:29,181 - === 時間戳記 2025-02-13 13:13:29.181568 ===
目前執行函式：standard_local_msts_cits -> wait_for_scan_complete

2025-02-13 13:13:30,443 - 進入函式：check_scan
2025-02-13 13:13:30,789 - 離開函式：check_scan
2025-02-13 13:13:33,126 - 進入函式：check_scan
2025-02-13 13:13:33,468 - 離開函式：check_scan
2025-02-13 13:13:34,187 - === 時間戳記 2025-02-13 13:13:34.187776 ===
目前執行函式：standard_local_msts_cits -> wait_for_scan_complete

2025-02-13 13:13:35,806 - 進入函式：check_scan
2025-02-13 13:13:36,149 - 離開函式：check_scan
2025-02-13 13:13:38,486 - 進入函式：check_scan
2025-02-13 13:13:38,830 - 離開函式：check_scan
2025-02-13 13:13:39,193 - === 時間戳記 2025-02-13 13:13:39.193114 ===
目前執行函式：standard_local_msts_cits -> wait_for_scan_complete

2025-02-13 13:13:41,167 - 進入函式：check_scan
2025-02-13 13:13:41,512 - 離開函式：check_scan
2025-02-13 13:13:43,849 - 進入函式：check_scan
2025-02-13 13:13:44,192 - 離開函式：check_scan
2025-02-13 13:13:44,199 - === 時間戳記 2025-02-13 13:13:44.199335 ===
目前執行函式：standard_local_msts_cits -> wait_for_scan_complete

2025-02-13 13:13:46,530 - 進入函式：check_scan
2025-02-13 13:13:46,873 - 離開函式：check_scan
2025-02-13 13:13:49,204 - === 時間戳記 2025-02-13 13:13:49.204509 ===
目前執行函式：standard_local_msts_cits -> wait_for_scan_complete

2025-02-13 13:13:49,211 - 進入函式：check_scan
2025-02-13 13:13:49,554 - 離開函式：check_scan
2025-02-13 13:13:51,892 - 進入函式：check_scan
2025-02-13 13:13:52,236 - 離開函式：check_scan
2025-02-13 13:13:54,211 - === 時間戳記 2025-02-13 13:13:54.211494 ===
目前執行函式：standard_local_msts_cits -> wait_for_scan_complete

2025-02-13 13:13:54,575 - 進入函式：check_scan
2025-02-13 13:13:54,919 - 離開函式：check_scan
2025-02-13 13:13:57,256 - 進入函式：check_scan
2025-02-13 13:13:57,601 - 離開函式：check_scan
2025-02-13 13:13:59,217 - === 時間戳記 2025-02-13 13:13:59.217298 ===
目前執行函式：standard_local_msts_cits -> wait_for_scan_complete

2025-02-13 13:13:59,937 - 進入函式：check_scan
2025-02-13 13:14:00,279 - 離開函式：check_scan
2025-02-13 13:14:02,617 - 進入函式：check_scan
2025-02-13 13:14:02,960 - 離開函式：check_scan
2025-02-13 13:14:04,221 - === 時間戳記 2025-02-13 13:14:04.221976 ===
目前執行函式：standard_local_msts_cits -> wait_for_scan_complete

2025-02-13 13:14:05,297 - 進入函式：check_scan
2025-02-13 13:14:05,641 - 離開函式：check_scan
2025-02-13 13:14:07,980 - 進入函式：check_scan
2025-02-13 13:14:08,325 - 離開函式：check_scan
2025-02-13 13:14:09,227 - === 時間戳記 2025-02-13 13:14:09.227467 ===
目前執行函式：standard_local_msts_cits -> wait_for_scan_complete

2025-02-13 13:14:10,663 - 進入函式：check_scan
2025-02-13 13:14:11,005 - 離開函式：check_scan
2025-02-13 13:14:13,343 - 進入函式：check_scan
2025-02-13 13:14:13,687 - 離開函式：check_scan
2025-02-13 13:14:14,233 - === 時間戳記 2025-02-13 13:14:14.233437 ===
目前執行函式：standard_local_msts_cits -> wait_for_scan_complete

2025-02-13 13:14:16,025 - 進入函式：check_scan
2025-02-13 13:14:16,368 - 離開函式：check_scan
2025-02-13 13:14:18,706 - 進入函式：check_scan
2025-02-13 13:14:19,049 - 離開函式：check_scan
2025-02-13 13:14:19,238 - === 時間戳記 2025-02-13 13:14:19.238929 ===
目前執行函式：standard_local_msts_cits -> wait_for_scan_complete

2025-02-13 13:14:21,386 - 進入函式：check_scan
2025-02-13 13:14:21,730 - 離開函式：check_scan
2025-02-13 13:14:24,067 - 進入函式：check_scan
2025-02-13 13:14:24,244 - === 時間戳記 2025-02-13 13:14:24.244462 ===
目前執行函式：standard_local_msts_cits -> wait_for_scan_complete -> check_scan

2025-02-13 13:14:24,410 - 離開函式：check_scan
2025-02-13 13:14:26,748 - 進入函式：check_scan
2025-02-13 13:14:27,091 - 離開函式：check_scan
2025-02-13 13:14:29,249 - === 時間戳記 2025-02-13 13:14:29.249841 ===
目前執行函式：standard_local_msts_cits -> wait_for_scan_complete

2025-02-13 13:14:29,429 - 進入函式：check_scan
2025-02-13 13:14:29,773 - 離開函式：check_scan
2025-02-13 13:14:32,111 - 進入函式：check_scan
2025-02-13 13:14:32,455 - 離開函式：check_scan
2025-02-13 13:14:34,256 - === 時間戳記 2025-02-13 13:14:34.256225 ===
目前執行函式：standard_local_msts_cits -> wait_for_scan_complete

2025-02-13 13:14:34,793 - 進入函式：check_scan
2025-02-13 13:14:35,137 - 離開函式：check_scan
2025-02-13 13:14:37,474 - 進入函式：check_scan
2025-02-13 13:14:37,817 - 離開函式：check_scan
2025-02-13 13:14:39,261 - === 時間戳記 2025-02-13 13:14:39.261612 ===
目前執行函式：standard_local_msts_cits -> wait_for_scan_complete

2025-02-13 13:14:40,154 - 進入函式：check_scan
2025-02-13 13:14:40,497 - 離開函式：check_scan
2025-02-13 13:14:42,833 - 進入函式：check_scan
2025-02-13 13:14:43,178 - 離開函式：check_scan
2025-02-13 13:14:44,267 - === 時間戳記 2025-02-13 13:14:44.267534 ===
目前執行函式：standard_local_msts_cits -> wait_for_scan_complete

2025-02-13 13:14:45,516 - 進入函式：check_scan
2025-02-13 13:14:45,860 - 離開函式：check_scan
2025-02-13 13:14:48,197 - 進入函式：check_scan
2025-02-13 13:14:48,539 - 離開函式：check_scan
2025-02-13 13:14:49,274 - === 時間戳記 2025-02-13 13:14:49.274244 ===
目前執行函式：standard_local_msts_cits -> wait_for_scan_complete

2025-02-13 13:14:50,877 - 進入函式：check_scan
2025-02-13 13:14:51,220 - 離開函式：check_scan
2025-02-13 13:14:53,557 - 進入函式：check_scan
2025-02-13 13:14:53,902 - 離開函式：check_scan
2025-02-13 13:14:54,279 - === 時間戳記 2025-02-13 13:14:54.279366 ===
目前執行函式：standard_local_msts_cits -> wait_for_scan_complete

2025-02-13 13:14:56,239 - 進入函式：check_scan
2025-02-13 13:14:56,584 - 離開函式：check_scan
2025-02-13 13:14:58,920 - 進入函式：check_scan
2025-02-13 13:14:58,921 - 離開函式：check_scan
2025-02-13 13:14:58,921 - 離開函式：wait_for_scan_complete
2025-02-13 13:14:59,285 - === 時間戳記 2025-02-13 13:14:59.285389 ===
目前執行函式：standard_local_msts_cits

2025-02-13 13:14:59,442 - 進入函式：perform_multi_sts
2025-02-13 13:15:04,291 - === 時間戳記 2025-02-13 13:15:04.291555 ===
目前執行函式：standard_local_msts_cits -> perform_multi_sts

2025-02-13 13:15:09,296 - === 時間戳記 2025-02-13 13:15:09.296144 ===
目前執行函式：standard_local_msts_cits -> perform_multi_sts

2025-02-13 13:15:09,494 - 離開函式：perform_multi_sts
2025-02-13 13:15:09,517 - 進入函式：perform_multi_sts
2025-02-13 13:15:14,301 - === 時間戳記 2025-02-13 13:15:14.301937 ===
目前執行函式：standard_local_msts_cits -> perform_multi_sts

2025-02-13 13:15:19,159 - 離開函式：perform_multi_sts
2025-02-13 13:15:19,186 - 進入函式：perform_multi_sts
2025-02-13 13:15:19,306 - === 時間戳記 2025-02-13 13:15:19.306520 ===
目前執行函式：standard_local_msts_cits -> perform_multi_sts

2025-02-13 13:15:24,311 - === 時間戳記 2025-02-13 13:15:24.311460 ===
目前執行函式：standard_local_msts_cits -> perform_multi_sts

2025-02-13 13:15:28,858 - 離開函式：perform_multi_sts
2025-02-13 13:15:28,882 - 進入函式：perform_multi_sts
2025-02-13 13:15:29,316 - === 時間戳記 2025-02-13 13:15:29.316187 ===
目前執行函式：standard_local_msts_cits -> perform_multi_sts

2025-02-13 13:15:34,321 - === 時間戳記 2025-02-13 13:15:34.321134 ===
目前執行函式：standard_local_msts_cits -> perform_multi_sts

2025-02-13 13:15:38,634 - 離開函式：perform_multi_sts
2025-02-13 13:15:38,655 - 進入函式：perform_multi_sts
2025-02-13 13:15:39,327 - === 時間戳記 2025-02-13 13:15:39.327068 ===
目前執行函式：standard_local_msts_cits -> perform_multi_sts

2025-02-13 13:15:44,332 - === 時間戳記 2025-02-13 13:15:44.332333 ===
目前執行函式：standard_local_msts_cits -> perform_multi_sts

2025-02-13 13:15:48,290 - 離開函式：perform_multi_sts
2025-02-13 13:15:48,320 - 進入函式：perform_multi_sts
2025-02-13 13:15:49,337 - === 時間戳記 2025-02-13 13:15:49.337490 ===
目前執行函式：standard_local_msts_cits -> perform_multi_sts

2025-02-13 13:15:54,342 - === 時間戳記 2025-02-13 13:15:54.342709 ===
目前執行函式：standard_local_msts_cits -> perform_multi_sts

2025-02-13 13:15:58,276 - 離開函式：perform_multi_sts
2025-02-13 13:15:58,302 - 進入函式：perform_multi_sts
2025-02-13 13:15:59,347 - === 時間戳記 2025-02-13 13:15:59.347314 ===
目前執行函式：standard_local_msts_cits -> perform_multi_sts

2025-02-13 13:16:04,351 - === 時間戳記 2025-02-13 13:16:04.351886 ===
目前執行函式：standard_local_msts_cits -> perform_multi_sts

2025-02-13 13:16:07,954 - 離開函式：perform_multi_sts
2025-02-13 13:16:07,980 - 進入函式：perform_multi_sts
2025-02-13 13:16:09,357 - === 時間戳記 2025-02-13 13:16:09.357671 ===
目前執行函式：standard_local_msts_cits -> perform_multi_sts

2025-02-13 13:16:14,363 - === 時間戳記 2025-02-13 13:16:14.363305 ===
目前執行函式：standard_local_msts_cits -> perform_multi_sts

2025-02-13 13:16:17,950 - 離開函式：perform_multi_sts
2025-02-13 13:16:17,975 - 進入函式：perform_multi_sts
2025-02-13 13:16:19,368 - === 時間戳記 2025-02-13 13:16:19.368879 ===
目前執行函式：standard_local_msts_cits -> perform_multi_sts

2025-02-13 13:16:24,374 - === 時間戳記 2025-02-13 13:16:24.374011 ===
目前執行函式：standard_local_msts_cits -> perform_multi_sts

2025-02-13 13:16:27,612 - 離開函式：perform_multi_sts
2025-02-13 13:16:27,637 - 進入函式：perform_multi_sts
2025-02-13 13:16:29,378 - === 時間戳記 2025-02-13 13:16:29.378379 ===
目前執行函式：standard_local_msts_cits -> perform_multi_sts

2025-02-13 13:16:34,384 - === 時間戳記 2025-02-13 13:16:34.384559 ===
目前執行函式：standard_local_msts_cits -> perform_multi_sts

2025-02-13 13:16:37,136 - 離開函式：perform_multi_sts
2025-02-13 13:16:37,163 - 進入函式：perform_multi_sts
2025-02-13 13:16:39,390 - === 時間戳記 2025-02-13 13:16:39.390291 ===
目前執行函式：standard_local_msts_cits -> perform_multi_sts

2025-02-13 13:16:44,396 - === 時間戳記 2025-02-13 13:16:44.396749 ===
目前執行函式：standard_local_msts_cits -> perform_multi_sts

2025-02-13 13:16:47,169 - 離開函式：perform_multi_sts
2025-02-13 13:16:47,194 - 進入函式：perform_multi_sts
2025-02-13 13:16:49,402 - === 時間戳記 2025-02-13 13:16:49.402202 ===
目前執行函式：standard_local_msts_cits -> perform_multi_sts

2025-02-13 13:16:54,408 - === 時間戳記 2025-02-13 13:16:54.408980 ===
目前執行函式：standard_local_msts_cits -> perform_multi_sts

2025-02-13 13:16:56,927 - 離開函式：perform_multi_sts
2025-02-13 13:16:56,953 - 進入函式：perform_multi_sts
2025-02-13 13:16:59,416 - === 時間戳記 2025-02-13 13:16:59.416129 ===
目前執行函式：standard_local_msts_cits -> perform_multi_sts

2025-02-13 13:17:04,424 - === 時間戳記 2025-02-13 13:17:04.424774 ===
目前執行函式：standard_local_msts_cits -> perform_multi_sts

2025-02-13 13:17:06,809 - 離開函式：perform_multi_sts
2025-02-13 13:17:06,832 - 進入函式：perform_multi_sts
2025-02-13 13:17:09,431 - === 時間戳記 2025-02-13 13:17:09.431405 ===
目前執行函式：standard_local_msts_cits -> perform_multi_sts

2025-02-13 13:17:14,438 - === 時間戳記 2025-02-13 13:17:14.438322 ===
目前執行函式：standard_local_msts_cits -> perform_multi_sts

2025-02-13 13:17:16,333 - 離開函式：perform_multi_sts
2025-02-13 13:17:16,363 - 進入函式：perform_multi_sts
2025-02-13 13:17:19,443 - === 時間戳記 2025-02-13 13:17:19.443859 ===
目前執行函式：standard_local_msts_cits -> perform_multi_sts

2025-02-13 13:17:24,450 - === 時間戳記 2025-02-13 13:17:24.450303 ===
目前執行函式：standard_local_msts_cits -> perform_multi_sts

2025-02-13 13:17:25,933 - 離開函式：perform_multi_sts
2025-02-13 13:17:25,960 - 進入函式：perform_multi_sts
2025-02-13 13:17:29,455 - === 時間戳記 2025-02-13 13:17:29.455579 ===
目前執行函式：standard_local_msts_cits -> perform_multi_sts

2025-02-13 13:17:34,461 - === 時間戳記 2025-02-13 13:17:34.461469 ===
目前執行函式：standard_local_msts_cits -> perform_multi_sts

2025-02-13 13:17:35,718 - 離開函式：perform_multi_sts
2025-02-13 13:17:35,742 - 進入函式：perform_multi_sts
2025-02-13 13:17:39,468 - === 時間戳記 2025-02-13 13:17:39.468352 ===
目前執行函式：standard_local_msts_cits -> perform_multi_sts

2025-02-13 13:17:44,474 - === 時間戳記 2025-02-13 13:17:44.474899 ===
目前執行函式：standard_local_msts_cits -> perform_multi_sts

2025-02-13 13:17:45,226 - 離開函式：perform_multi_sts
2025-02-13 13:17:45,252 - 進入函式：perform_multi_sts
2025-02-13 13:17:49,482 - === 時間戳記 2025-02-13 13:17:49.482364 ===
目前執行函式：standard_local_msts_cits -> perform_multi_sts

2025-02-13 13:17:54,488 - === 時間戳記 2025-02-13 13:17:54.488033 ===
目前執行函式：standard_local_msts_cits -> perform_multi_sts

2025-02-13 13:17:54,745 - 離開函式：perform_multi_sts
2025-02-13 13:17:54,768 - 進入函式：perform_multi_sts
2025-02-13 13:17:59,493 - === 時間戳記 2025-02-13 13:17:59.493872 ===
目前執行函式：standard_local_msts_cits -> perform_multi_sts

2025-02-13 13:18:04,499 - === 時間戳記 2025-02-13 13:18:04.499882 ===
目前執行函式：standard_local_msts_cits -> perform_multi_sts

2025-02-13 13:18:04,517 - 離開函式：perform_multi_sts
2025-02-13 13:18:04,544 - 進入函式：perform_multi_sts
2025-02-13 13:18:09,505 - === 時間戳記 2025-02-13 13:18:09.505706 ===
目前執行函式：standard_local_msts_cits -> perform_multi_sts

2025-02-13 13:18:14,096 - 離開函式：perform_multi_sts
2025-02-13 13:18:14,124 - 進入函式：perform_multi_sts
2025-02-13 13:18:14,511 - === 時間戳記 2025-02-13 13:18:14.511676 ===
目前執行函式：standard_local_msts_cits -> perform_multi_sts

2025-02-13 13:18:19,517 - === 時間戳記 2025-02-13 13:18:19.517072 ===
目前執行函式：standard_local_msts_cits -> perform_multi_sts

2025-02-13 13:18:23,681 - 離開函式：perform_multi_sts
2025-02-13 13:18:23,705 - 進入函式：perform_multi_sts
2025-02-13 13:18:24,522 - === 時間戳記 2025-02-13 13:18:24.522685 ===
目前執行函式：standard_local_msts_cits -> perform_multi_sts

2025-02-13 13:18:29,528 - === 時間戳記 2025-02-13 13:18:29.528370 ===
目前執行函式：standard_local_msts_cits -> perform_multi_sts

2025-02-13 13:18:33,319 - 離開函式：perform_multi_sts
2025-02-13 13:18:33,345 - 進入函式：perform_multi_sts
2025-02-13 13:18:34,534 - === 時間戳記 2025-02-13 13:18:34.534250 ===
目前執行函式：standard_local_msts_cits -> perform_multi_sts

2025-02-13 13:18:39,541 - === 時間戳記 2025-02-13 13:18:39.541127 ===
目前執行函式：standard_local_msts_cits -> perform_multi_sts

2025-02-13 13:18:43,111 - 離開函式：perform_multi_sts
2025-02-13 13:18:43,137 - 進入函式：perform_multi_sts
2025-02-13 13:18:44,548 - === 時間戳記 2025-02-13 13:18:44.548181 ===
目前執行函式：standard_local_msts_cits -> perform_multi_sts

2025-02-13 13:18:49,553 - === 時間戳記 2025-02-13 13:18:49.553879 ===
目前執行函式：standard_local_msts_cits -> perform_multi_sts

2025-02-13 13:18:53,098 - 離開函式：perform_multi_sts
2025-02-13 13:18:53,121 - 進入函式：perform_multi_sts
2025-02-13 13:18:54,561 - === 時間戳記 2025-02-13 13:18:54.561085 ===
目前執行函式：standard_local_msts_cits -> perform_multi_sts

2025-02-13 13:18:59,566 - === 時間戳記 2025-02-13 13:18:59.566450 ===
目前執行函式：standard_local_msts_cits -> perform_multi_sts

2025-02-13 13:19:02,802 - 離開函式：perform_multi_sts
2025-02-13 13:19:02,827 - 進入函式：perform_multi_sts
2025-02-13 13:19:04,572 - === 時間戳記 2025-02-13 13:19:04.572222 ===
目前執行函式：standard_local_msts_cits -> perform_multi_sts

2025-02-13 13:19:09,579 - === 時間戳記 2025-02-13 13:19:09.579338 ===
目前執行函式：standard_local_msts_cits -> perform_multi_sts

2025-02-13 13:19:12,509 - 離開函式：perform_multi_sts
2025-02-13 13:19:12,539 - 進入函式：perform_multi_sts
2025-02-13 13:19:14,586 - === 時間戳記 2025-02-13 13:19:14.586376 ===
目前執行函式：standard_local_msts_cits -> perform_multi_sts

2025-02-13 13:19:19,591 - === 時間戳記 2025-02-13 13:19:19.591884 ===
目前執行函式：standard_local_msts_cits -> perform_multi_sts

2025-02-13 13:19:22,117 - 離開函式：perform_multi_sts
2025-02-13 13:19:22,143 - 進入函式：perform_multi_sts
2025-02-13 13:19:24,598 - === 時間戳記 2025-02-13 13:19:24.598035 ===
目前執行函式：standard_local_msts_cits -> perform_multi_sts

2025-02-13 13:19:29,603 - === 時間戳記 2025-02-13 13:19:29.603396 ===
目前執行函式：standard_local_msts_cits -> perform_multi_sts

2025-02-13 13:19:31,664 - 離開函式：perform_multi_sts
2025-02-13 13:19:31,688 - 進入函式：perform_multi_sts
2025-02-13 13:19:34,609 - === 時間戳記 2025-02-13 13:19:34.609758 ===
目前執行函式：standard_local_msts_cits -> perform_multi_sts

2025-02-13 13:19:39,616 - === 時間戳記 2025-02-13 13:19:39.616406 ===
目前執行函式：standard_local_msts_cits -> perform_multi_sts

2025-02-13 13:19:41,273 - 離開函式：perform_multi_sts
2025-02-13 13:19:41,300 - 進入函式：perform_multi_sts
2025-02-13 13:19:44,624 - === 時間戳記 2025-02-13 13:19:44.624020 ===
目前執行函式：standard_local_msts_cits -> perform_multi_sts

2025-02-13 13:19:49,630 - === 時間戳記 2025-02-13 13:19:49.630151 ===
目前執行函式：standard_local_msts_cits -> perform_multi_sts

2025-02-13 13:19:51,046 - 離開函式：perform_multi_sts
2025-02-13 13:19:51,072 - 進入函式：perform_multi_sts
2025-02-13 13:19:54,637 - === 時間戳記 2025-02-13 13:19:54.637275 ===
目前執行函式：standard_local_msts_cits -> perform_multi_sts

2025-02-13 13:19:59,642 - === 時間戳記 2025-02-13 13:19:59.642124 ===
目前執行函式：standard_local_msts_cits -> perform_multi_sts

2025-02-13 13:20:00,712 - 離開函式：perform_multi_sts
2025-02-13 13:20:00,738 - 進入函式：perform_multi_sts
2025-02-13 13:20:04,648 - === 時間戳記 2025-02-13 13:20:04.648359 ===
目前執行函式：standard_local_msts_cits -> perform_multi_sts

2025-02-13 13:20:09,655 - === 時間戳記 2025-02-13 13:20:09.655749 ===
目前執行函式：standard_local_msts_cits -> perform_multi_sts

2025-02-13 13:20:10,349 - 離開函式：perform_multi_sts
2025-02-13 13:20:10,376 - 進入函式：perform_multi_sts
2025-02-13 13:20:14,662 - === 時間戳記 2025-02-13 13:20:14.662482 ===
目前執行函式：standard_local_msts_cits -> perform_multi_sts

2025-02-13 13:20:19,669 - === 時間戳記 2025-02-13 13:20:19.669092 ===
目前執行函式：standard_local_msts_cits -> perform_multi_sts

2025-02-13 13:20:20,153 - 離開函式：perform_multi_sts
2025-02-13 13:20:20,182 - 進入函式：perform_multi_sts
2025-02-13 13:20:24,677 - === 時間戳記 2025-02-13 13:20:24.677064 ===
目前執行函式：standard_local_msts_cits -> perform_multi_sts

2025-02-13 13:20:29,683 - === 時間戳記 2025-02-13 13:20:29.683305 ===
目前執行函式：standard_local_msts_cits -> perform_multi_sts

2025-02-13 13:20:29,762 - 離開函式：perform_multi_sts
2025-02-13 13:20:29,785 - 進入函式：perform_multi_sts
2025-02-13 13:20:34,689 - === 時間戳記 2025-02-13 13:20:34.689800 ===
目前執行函式：standard_local_msts_cits -> perform_multi_sts

2025-02-13 13:20:39,454 - 離開函式：perform_multi_sts
2025-02-13 13:20:39,479 - 進入函式：perform_multi_sts
2025-02-13 13:20:39,696 - === 時間戳記 2025-02-13 13:20:39.696284 ===
目前執行函式：standard_local_msts_cits -> perform_multi_sts

2025-02-13 13:20:44,703 - === 時間戳記 2025-02-13 13:20:44.703634 ===
目前執行函式：standard_local_msts_cits -> perform_multi_sts

2025-02-13 13:20:49,252 - 離開函式：perform_multi_sts
2025-02-13 13:20:49,282 - 進入函式：perform_multi_sts
2025-02-13 13:20:49,710 - === 時間戳記 2025-02-13 13:20:49.710225 ===
目前執行函式：standard_local_msts_cits -> perform_multi_sts

2025-02-13 13:20:54,717 - === 時間戳記 2025-02-13 13:20:54.717876 ===
目前執行函式：standard_local_msts_cits -> perform_multi_sts

2025-02-13 13:20:59,054 - 離開函式：perform_multi_sts
2025-02-13 13:20:59,081 - 進入函式：perform_multi_sts
2025-02-13 13:20:59,727 - === 時間戳記 2025-02-13 13:20:59.727021 ===
目前執行函式：standard_local_msts_cits -> perform_multi_sts

2025-02-13 13:21:04,734 - === 時間戳記 2025-02-13 13:21:04.734300 ===
目前執行函式：standard_local_msts_cits -> perform_multi_sts

2025-02-13 13:21:08,744 - 離開函式：perform_multi_sts
2025-02-13 13:21:08,771 - 進入函式：perform_multi_sts
2025-02-13 13:21:09,741 - === 時間戳記 2025-02-13 13:21:09.741766 ===
目前執行函式：standard_local_msts_cits -> perform_multi_sts

2025-02-13 13:21:14,748 - === 時間戳記 2025-02-13 13:21:14.748041 ===
目前執行函式：standard_local_msts_cits -> perform_multi_sts

2025-02-13 13:21:18,734 - 離開函式：perform_multi_sts
2025-02-13 13:21:18,762 - 進入函式：perform_multi_sts
2025-02-13 13:21:19,756 - === 時間戳記 2025-02-13 13:21:19.756627 ===
目前執行函式：standard_local_msts_cits -> perform_multi_sts

2025-02-13 13:21:24,762 - === 時間戳記 2025-02-13 13:21:24.762637 ===
目前執行函式：standard_local_msts_cits -> perform_multi_sts

2025-02-13 13:21:28,338 - 離開函式：perform_multi_sts
2025-02-13 13:21:28,362 - 進入函式：perform_multi_sts
2025-02-13 13:21:29,768 - === 時間戳記 2025-02-13 13:21:29.768695 ===
目前執行函式：standard_local_msts_cits -> perform_multi_sts

2025-02-13 13:21:34,773 - === 時間戳記 2025-02-13 13:21:34.773464 ===
目前執行函式：standard_local_msts_cits -> perform_multi_sts

2025-02-13 13:21:37,958 - 離開函式：perform_multi_sts
2025-02-13 13:21:37,981 - 進入函式：perform_multi_sts
2025-02-13 13:21:39,779 - === 時間戳記 2025-02-13 13:21:39.779307 ===
目前執行函式：standard_local_msts_cits -> perform_multi_sts

2025-02-13 13:21:44,784 - === 時間戳記 2025-02-13 13:21:44.784220 ===
目前執行函式：standard_local_msts_cits -> perform_multi_sts

2025-02-13 13:21:47,568 - 離開函式：perform_multi_sts
2025-02-13 13:21:47,592 - 進入函式：perform_multi_sts
2025-02-13 13:21:49,789 - === 時間戳記 2025-02-13 13:21:49.789036 ===
目前執行函式：standard_local_msts_cits -> perform_multi_sts

2025-02-13 13:21:54,794 - === 時間戳記 2025-02-13 13:21:54.794520 ===
目前執行函式：standard_local_msts_cits -> perform_multi_sts

2025-02-13 13:21:57,248 - 離開函式：perform_multi_sts
2025-02-13 13:21:57,273 - 進入函式：perform_multi_sts
2025-02-13 13:21:59,799 - === 時間戳記 2025-02-13 13:21:59.799113 ===
目前執行函式：standard_local_msts_cits -> perform_multi_sts

2025-02-13 13:22:04,803 - === 時間戳記 2025-02-13 13:22:04.803831 ===
目前執行函式：standard_local_msts_cits -> perform_multi_sts

2025-02-13 13:22:06,863 - 離開函式：perform_multi_sts
2025-02-13 13:22:06,886 - 進入函式：perform_multi_sts
2025-02-13 13:22:09,809 - === 時間戳記 2025-02-13 13:22:09.809526 ===
目前執行函式：standard_local_msts_cits -> perform_multi_sts

2025-02-13 13:22:14,813 - === 時間戳記 2025-02-13 13:22:14.813737 ===
目前執行函式：standard_local_msts_cits -> perform_multi_sts

2025-02-13 13:22:16,833 - 離開函式：perform_multi_sts
2025-02-13 13:22:16,842 - 進入函式：wait_for_scan_complete
2025-02-13 13:22:16,842 - 進入函式：check_scan
2025-02-13 13:22:18,840 - 離開函式：check_scan
2025-02-13 13:22:19,818 - === 時間戳記 2025-02-13 13:22:19.818649 ===
目前執行函式：standard_local_msts_cits -> wait_for_scan_complete

2025-02-13 13:22:21,178 - 進入函式：check_scan
2025-02-13 13:22:21,524 - 離開函式：check_scan
2025-02-13 13:22:23,864 - 進入函式：check_scan
2025-02-13 13:22:24,207 - 離開函式：check_scan
2025-02-13 13:22:24,823 - === 時間戳記 2025-02-13 13:22:24.823865 ===
目前執行函式：standard_local_msts_cits -> wait_for_scan_complete

2025-02-13 13:22:26,545 - 進入函式：check_scan
2025-02-13 13:22:26,889 - 離開函式：check_scan
2025-02-13 13:22:29,230 - 進入函式：check_scan
2025-02-13 13:22:29,571 - 離開函式：check_scan
2025-02-13 13:22:29,829 - === 時間戳記 2025-02-13 13:22:29.829557 ===
目前執行函式：standard_local_msts_cits -> wait_for_scan_complete

2025-02-13 13:22:31,910 - 進入函式：check_scan
2025-02-13 13:22:32,264 - 離開函式：check_scan
2025-02-13 13:22:34,603 - 進入函式：check_scan
2025-02-13 13:22:34,836 - === 時間戳記 2025-02-13 13:22:34.836635 ===
目前執行函式：standard_local_msts_cits -> wait_for_scan_complete -> check_scan

2025-02-13 13:22:34,949 - 離開函式：check_scan
2025-02-13 13:22:37,287 - 進入函式：check_scan
2025-02-13 13:22:37,641 - 離開函式：check_scan
2025-02-13 13:22:39,843 - === 時間戳記 2025-02-13 13:22:39.843836 ===
目前執行函式：standard_local_msts_cits -> wait_for_scan_complete

2025-02-13 13:22:39,978 - 進入函式：check_scan
2025-02-13 13:22:39,980 - 離開函式：check_scan
2025-02-13 13:22:39,980 - 離開函式：wait_for_scan_complete
2025-02-13 13:22:40,498 - 進入函式：perform_multi_sts
2025-02-13 13:22:44,849 - === 時間戳記 2025-02-13 13:22:44.849567 ===
目前執行函式：standard_local_msts_cits -> perform_multi_sts

2025-02-13 13:22:49,856 - === 時間戳記 2025-02-13 13:22:49.856044 ===
目前執行函式：standard_local_msts_cits -> perform_multi_sts

2025-02-13 13:22:50,608 - 離開函式：perform_multi_sts
2025-02-13 13:22:50,629 - 進入函式：perform_multi_sts
2025-02-13 13:22:54,861 - === 時間戳記 2025-02-13 13:22:54.861336 ===
目前執行函式：standard_local_msts_cits -> perform_multi_sts

2025-02-13 13:22:59,866 - === 時間戳記 2025-02-13 13:22:59.866202 ===
目前執行函式：standard_local_msts_cits -> perform_multi_sts

2025-02-13 13:23:00,329 - 離開函式：perform_multi_sts
2025-02-13 13:23:00,348 - 進入函式：perform_multi_sts
2025-02-13 13:23:04,873 - === 時間戳記 2025-02-13 13:23:04.873158 ===
目前執行函式：standard_local_msts_cits -> perform_multi_sts

2025-02-13 13:23:09,877 - === 時間戳記 2025-02-13 13:23:09.877887 ===
目前執行函式：standard_local_msts_cits -> perform_multi_sts

2025-02-13 13:23:10,158 - 離開函式：perform_multi_sts
2025-02-13 13:23:10,179 - 進入函式：perform_multi_sts
2025-02-13 13:23:14,884 - === 時間戳記 2025-02-13 13:23:14.884026 ===
目前執行函式：standard_local_msts_cits -> perform_multi_sts

2025-02-13 13:23:19,891 - === 時間戳記 2025-02-13 13:23:19.891154 ===
目前執行函式：standard_local_msts_cits -> perform_multi_sts

2025-02-13 13:23:19,903 - 離開函式：perform_multi_sts
2025-02-13 13:23:19,928 - 進入函式：perform_multi_sts
2025-02-13 13:23:24,896 - === 時間戳記 2025-02-13 13:23:24.896499 ===
目前執行函式：standard_local_msts_cits -> perform_multi_sts

2025-02-13 13:23:29,667 - 離開函式：perform_multi_sts
2025-02-13 13:23:29,687 - 進入函式：perform_multi_sts
2025-02-13 13:23:29,901 - === 時間戳記 2025-02-13 13:23:29.901864 ===
目前執行函式：standard_local_msts_cits -> perform_multi_sts

2025-02-13 13:23:34,907 - === 時間戳記 2025-02-13 13:23:34.907350 ===
目前執行函式：standard_local_msts_cits -> perform_multi_sts

2025-02-13 13:23:39,364 - 離開函式：perform_multi_sts
2025-02-13 13:23:39,385 - 進入函式：perform_multi_sts
2025-02-13 13:23:39,913 - === 時間戳記 2025-02-13 13:23:39.913442 ===
目前執行函式：standard_local_msts_cits -> perform_multi_sts

2025-02-13 13:23:44,918 - === 時間戳記 2025-02-13 13:23:44.918411 ===
目前執行函式：standard_local_msts_cits -> perform_multi_sts

2025-02-13 13:23:49,147 - 離開函式：perform_multi_sts
2025-02-13 13:23:49,169 - 進入函式：perform_multi_sts
2025-02-13 13:23:49,924 - === 時間戳記 2025-02-13 13:23:49.924504 ===
目前執行函式：standard_local_msts_cits -> perform_multi_sts

2025-02-13 13:23:54,929 - === 時間戳記 2025-02-13 13:23:54.929156 ===
目前執行函式：standard_local_msts_cits -> perform_multi_sts

2025-02-13 13:23:58,842 - 離開函式：perform_multi_sts
2025-02-13 13:23:58,864 - 進入函式：perform_multi_sts
2025-02-13 13:23:59,935 - === 時間戳記 2025-02-13 13:23:59.935434 ===
目前執行函式：standard_local_msts_cits -> perform_multi_sts

2025-02-13 13:24:04,941 - === 時間戳記 2025-02-13 13:24:04.941011 ===
目前執行函式：standard_local_msts_cits -> perform_multi_sts

2025-02-13 13:24:08,710 - 離開函式：perform_multi_sts
2025-02-13 13:24:08,732 - 進入函式：perform_multi_sts
2025-02-13 13:24:09,946 - === 時間戳記 2025-02-13 13:24:09.946775 ===
目前執行函式：standard_local_msts_cits -> perform_multi_sts

2025-02-13 13:24:14,952 - === 時間戳記 2025-02-13 13:24:14.952639 ===
目前執行函式：standard_local_msts_cits -> perform_multi_sts

2025-02-13 13:24:18,432 - 離開函式：perform_multi_sts
2025-02-13 13:24:18,456 - 進入函式：perform_multi_sts
2025-02-13 13:24:19,959 - === 時間戳記 2025-02-13 13:24:19.959252 ===
目前執行函式：standard_local_msts_cits -> perform_multi_sts

2025-02-13 13:24:24,965 - === 時間戳記 2025-02-13 13:24:24.965164 ===
目前執行函式：standard_local_msts_cits -> perform_multi_sts

2025-02-13 13:24:28,036 - 離開函式：perform_multi_sts
2025-02-13 13:24:28,059 - 進入函式：perform_multi_sts
2025-02-13 13:24:29,971 - === 時間戳記 2025-02-13 13:24:29.971137 ===
目前執行函式：standard_local_msts_cits -> perform_multi_sts

2025-02-13 13:24:34,977 - === 時間戳記 2025-02-13 13:24:34.977243 ===
目前執行函式：standard_local_msts_cits -> perform_multi_sts

2025-02-13 13:24:37,959 - 離開函式：perform_multi_sts
2025-02-13 13:24:37,981 - 進入函式：perform_multi_sts
2025-02-13 13:24:39,983 - === 時間戳記 2025-02-13 13:24:39.983624 ===
目前執行函式：standard_local_msts_cits -> perform_multi_sts

2025-02-13 13:24:44,989 - === 時間戳記 2025-02-13 13:24:44.989971 ===
目前執行函式：standard_local_msts_cits -> perform_multi_sts

2025-02-13 13:24:47,454 - 離開函式：perform_multi_sts
2025-02-13 13:24:47,475 - 進入函式：perform_multi_sts
2025-02-13 13:24:49,996 - === 時間戳記 2025-02-13 13:24:49.996854 ===
目前執行函式：standard_local_msts_cits -> perform_multi_sts

2025-02-13 13:24:55,003 - === 時間戳記 2025-02-13 13:24:55.003377 ===
目前執行函式：standard_local_msts_cits -> perform_multi_sts

2025-02-13 13:24:57,134 - 離開函式：perform_multi_sts
2025-02-13 13:24:57,157 - 進入函式：perform_multi_sts
2025-02-13 13:25:00,010 - === 時間戳記 2025-02-13 13:25:00.010268 ===
目前執行函式：standard_local_msts_cits -> perform_multi_sts

2025-02-13 13:25:05,017 - === 時間戳記 2025-02-13 13:25:05.017455 ===
目前執行函式：standard_local_msts_cits -> perform_multi_sts

2025-02-13 13:25:06,894 - 離開函式：perform_multi_sts
2025-02-13 13:25:06,917 - 進入函式：perform_multi_sts
2025-02-13 13:25:10,023 - === 時間戳記 2025-02-13 13:25:10.023261 ===
目前執行函式：standard_local_msts_cits -> perform_multi_sts

2025-02-13 13:25:15,030 - === 時間戳記 2025-02-13 13:25:15.030055 ===
目前執行函式：standard_local_msts_cits -> perform_multi_sts

2025-02-13 13:25:16,576 - 離開函式：perform_multi_sts
2025-02-13 13:25:16,598 - 進入函式：perform_multi_sts
2025-02-13 13:25:20,035 - === 時間戳記 2025-02-13 13:25:20.035769 ===
目前執行函式：standard_local_msts_cits -> perform_multi_sts

2025-02-13 13:25:25,043 - === 時間戳記 2025-02-13 13:25:25.043148 ===
目前執行函式：standard_local_msts_cits -> perform_multi_sts

2025-02-13 13:25:26,274 - 離開函式：perform_multi_sts
2025-02-13 13:25:26,297 - 進入函式：perform_multi_sts
2025-02-13 13:25:30,049 - === 時間戳記 2025-02-13 13:25:30.049609 ===
目前執行函式：standard_local_msts_cits -> perform_multi_sts

2025-02-13 13:25:35,055 - === 時間戳記 2025-02-13 13:25:35.055028 ===
目前執行函式：standard_local_msts_cits -> perform_multi_sts

2025-02-13 13:25:35,968 - 離開函式：perform_multi_sts
2025-02-13 13:25:35,988 - 進入函式：perform_multi_sts
2025-02-13 13:25:40,062 - === 時間戳記 2025-02-13 13:25:40.062002 ===
目前執行函式：standard_local_msts_cits -> perform_multi_sts

2025-02-13 13:25:45,067 - === 時間戳記 2025-02-13 13:25:45.067425 ===
目前執行函式：standard_local_msts_cits -> perform_multi_sts

2025-02-13 13:25:45,849 - 離開函式：perform_multi_sts
2025-02-13 13:25:45,869 - 進入函式：perform_multi_sts
2025-02-13 13:25:50,072 - === 時間戳記 2025-02-13 13:25:50.072499 ===
目前執行函式：standard_local_msts_cits -> perform_multi_sts

2025-02-13 13:25:55,077 - === 時間戳記 2025-02-13 13:25:55.077975 ===
目前執行函式：standard_local_msts_cits -> perform_multi_sts

2025-02-13 13:25:55,834 - 離開函式：perform_multi_sts
2025-02-13 13:25:55,856 - 進入函式：perform_multi_sts
2025-02-13 13:26:00,083 - === 時間戳記 2025-02-13 13:26:00.083323 ===
目前執行函式：standard_local_msts_cits -> perform_multi_sts

2025-02-13 13:26:05,089 - === 時間戳記 2025-02-13 13:26:05.089067 ===
目前執行函式：standard_local_msts_cits -> perform_multi_sts

2025-02-13 13:26:05,550 - 離開函式：perform_multi_sts
2025-02-13 13:26:05,572 - 進入函式：perform_multi_sts
2025-02-13 13:26:10,094 - === 時間戳記 2025-02-13 13:26:10.094739 ===
目前執行函式：standard_local_msts_cits -> perform_multi_sts

2025-02-13 13:26:15,100 - === 時間戳記 2025-02-13 13:26:15.100834 ===
目前執行函式：standard_local_msts_cits -> perform_multi_sts

2025-02-13 13:26:15,266 - 離開函式：perform_multi_sts
2025-02-13 13:26:15,286 - 進入函式：perform_multi_sts
2025-02-13 13:26:20,107 - === 時間戳記 2025-02-13 13:26:20.107771 ===
目前執行函式：standard_local_msts_cits -> perform_multi_sts

2025-02-13 13:26:24,919 - 離開函式：perform_multi_sts
2025-02-13 13:26:24,944 - 進入函式：perform_multi_sts
2025-02-13 13:26:25,113 - === 時間戳記 2025-02-13 13:26:25.113778 ===
目前執行函式：standard_local_msts_cits -> perform_multi_sts

2025-02-13 13:26:30,119 - === 時間戳記 2025-02-13 13:26:30.119058 ===
目前執行函式：standard_local_msts_cits -> perform_multi_sts

2025-02-13 13:26:34,668 - 離開函式：perform_multi_sts
2025-02-13 13:26:34,693 - 進入函式：perform_multi_sts
2025-02-13 13:26:35,125 - === 時間戳記 2025-02-13 13:26:35.125464 ===
目前執行函式：standard_local_msts_cits -> perform_multi_sts

2025-02-13 13:26:40,131 - === 時間戳記 2025-02-13 13:26:40.131457 ===
目前執行函式：standard_local_msts_cits -> perform_multi_sts

2025-02-13 13:26:44,456 - 離開函式：perform_multi_sts
2025-02-13 13:26:44,475 - 進入函式：perform_multi_sts
2025-02-13 13:26:45,137 - === 時間戳記 2025-02-13 13:26:45.137973 ===
目前執行函式：standard_local_msts_cits -> perform_multi_sts

2025-02-13 13:26:50,142 - === 時間戳記 2025-02-13 13:26:50.142383 ===
目前執行函式：standard_local_msts_cits -> perform_multi_sts

2025-02-13 13:26:54,143 - 離開函式：perform_multi_sts
2025-02-13 13:26:54,163 - 進入函式：perform_multi_sts
2025-02-13 13:26:55,147 - === 時間戳記 2025-02-13 13:26:55.147633 ===
目前執行函式：standard_local_msts_cits -> perform_multi_sts

2025-02-13 13:27:00,153 - === 時間戳記 2025-02-13 13:27:00.153474 ===
目前執行函式：standard_local_msts_cits -> perform_multi_sts

2025-02-13 13:27:03,785 - 離開函式：perform_multi_sts
2025-02-13 13:27:03,805 - 進入函式：perform_multi_sts
2025-02-13 13:27:05,158 - === 時間戳記 2025-02-13 13:27:05.158878 ===
目前執行函式：standard_local_msts_cits -> perform_multi_sts

2025-02-13 13:27:10,164 - === 時間戳記 2025-02-13 13:27:10.164253 ===
目前執行函式：standard_local_msts_cits -> perform_multi_sts

2025-02-13 13:27:13,461 - 離開函式：perform_multi_sts
2025-02-13 13:27:13,487 - 進入函式：perform_multi_sts
2025-02-13 13:27:15,170 - === 時間戳記 2025-02-13 13:27:15.170693 ===
目前執行函式：standard_local_msts_cits -> perform_multi_sts

2025-02-13 13:27:20,176 - === 時間戳記 2025-02-13 13:27:20.176864 ===
目前執行函式：standard_local_msts_cits -> perform_multi_sts

2025-02-13 13:27:23,067 - 離開函式：perform_multi_sts
2025-02-13 13:27:23,091 - 進入函式：perform_multi_sts
2025-02-13 13:27:25,182 - === 時間戳記 2025-02-13 13:27:25.182683 ===
目前執行函式：standard_local_msts_cits -> perform_multi_sts

2025-02-13 13:27:30,187 - === 時間戳記 2025-02-13 13:27:30.187968 ===
目前執行函式：standard_local_msts_cits -> perform_multi_sts

2025-02-13 13:27:32,838 - 離開函式：perform_multi_sts
2025-02-13 13:27:32,860 - 進入函式：perform_multi_sts
2025-02-13 13:27:35,192 - === 時間戳記 2025-02-13 13:27:35.192824 ===
目前執行函式：standard_local_msts_cits -> perform_multi_sts

2025-02-13 13:27:40,199 - === 時間戳記 2025-02-13 13:27:40.199008 ===
目前執行函式：standard_local_msts_cits -> perform_multi_sts

2025-02-13 13:27:42,626 - 離開函式：perform_multi_sts
2025-02-13 13:27:42,647 - 進入函式：perform_multi_sts
2025-02-13 13:27:45,204 - === 時間戳記 2025-02-13 13:27:45.204926 ===
目前執行函式：standard_local_msts_cits -> perform_multi_sts

2025-02-13 13:27:50,211 - === 時間戳記 2025-02-13 13:27:50.211238 ===
目前執行函式：standard_local_msts_cits -> perform_multi_sts

2025-02-13 13:27:52,345 - 離開函式：perform_multi_sts
2025-02-13 13:27:52,365 - 進入函式：perform_multi_sts
2025-02-13 13:27:55,216 - === 時間戳記 2025-02-13 13:27:55.216322 ===
目前執行函式：standard_local_msts_cits -> perform_multi_sts

2025-02-13 13:28:00,222 - === 時間戳記 2025-02-13 13:28:00.222041 ===
目前執行函式：standard_local_msts_cits -> perform_multi_sts

2025-02-13 13:28:01,963 - 離開函式：perform_multi_sts
2025-02-13 13:28:01,983 - 進入函式：perform_multi_sts
2025-02-13 13:28:05,227 - === 時間戳記 2025-02-13 13:28:05.227207 ===
目前執行函式：standard_local_msts_cits -> perform_multi_sts

2025-02-13 13:28:10,232 - === 時間戳記 2025-02-13 13:28:10.232705 ===
目前執行函式：standard_local_msts_cits -> perform_multi_sts

2025-02-13 13:28:11,709 - 離開函式：perform_multi_sts
2025-02-13 13:28:11,729 - 進入函式：perform_multi_sts
2025-02-13 13:28:15,238 - === 時間戳記 2025-02-13 13:28:15.238551 ===
目前執行函式：standard_local_msts_cits -> perform_multi_sts

2025-02-13 13:28:20,245 - === 時間戳記 2025-02-13 13:28:20.245003 ===
目前執行函式：standard_local_msts_cits -> perform_multi_sts

2025-02-13 13:28:21,719 - 離開函式：perform_multi_sts
2025-02-13 13:28:21,741 - 進入函式：perform_multi_sts
2025-02-13 13:28:25,251 - === 時間戳記 2025-02-13 13:28:25.251328 ===
目前執行函式：standard_local_msts_cits -> perform_multi_sts

2025-02-13 13:28:30,257 - === 時間戳記 2025-02-13 13:28:30.257217 ===
目前執行函式：standard_local_msts_cits -> perform_multi_sts

2025-02-13 13:28:31,507 - 離開函式：perform_multi_sts
2025-02-13 13:28:31,527 - 進入函式：perform_multi_sts
2025-02-13 13:28:35,263 - === 時間戳記 2025-02-13 13:28:35.263452 ===
目前執行函式：standard_local_msts_cits -> perform_multi_sts

2025-02-13 13:28:40,270 - === 時間戳記 2025-02-13 13:28:40.270783 ===
目前執行函式：standard_local_msts_cits -> perform_multi_sts

2025-02-13 13:28:41,287 - 離開函式：perform_multi_sts
2025-02-13 13:28:41,309 - 進入函式：perform_multi_sts
2025-02-13 13:28:45,279 - === 時間戳記 2025-02-13 13:28:45.279763 ===
目前執行函式：standard_local_msts_cits -> perform_multi_sts

2025-02-13 13:28:50,286 - === 時間戳記 2025-02-13 13:28:50.286268 ===
目前執行函式：standard_local_msts_cits -> perform_multi_sts

2025-02-13 13:28:51,097 - 離開函式：perform_multi_sts
2025-02-13 13:28:51,118 - 進入函式：perform_multi_sts
2025-02-13 13:28:55,293 - === 時間戳記 2025-02-13 13:28:55.293237 ===
目前執行函式：standard_local_msts_cits -> perform_multi_sts

2025-02-13 13:29:00,299 - === 時間戳記 2025-02-13 13:29:00.299006 ===
目前執行函式：standard_local_msts_cits -> perform_multi_sts

2025-02-13 13:29:00,601 - 離開函式：perform_multi_sts
2025-02-13 13:29:00,623 - 進入函式：perform_multi_sts
2025-02-13 13:29:05,306 - === 時間戳記 2025-02-13 13:29:05.306651 ===
目前執行函式：standard_local_msts_cits -> perform_multi_sts

2025-02-13 13:29:10,312 - === 時間戳記 2025-02-13 13:29:10.312316 ===
目前執行函式：standard_local_msts_cits -> perform_multi_sts

2025-02-13 13:29:10,312 - 離開函式：perform_multi_sts
2025-02-13 13:29:10,334 - 進入函式：perform_multi_sts
2025-02-13 13:29:15,317 - === 時間戳記 2025-02-13 13:29:15.317102 ===
目前執行函式：standard_local_msts_cits -> perform_multi_sts

2025-02-13 13:29:19,864 - 離開函式：perform_multi_sts
2025-02-13 13:29:19,887 - 進入函式：perform_multi_sts
2025-02-13 13:29:20,322 - === 時間戳記 2025-02-13 13:29:20.322316 ===
目前執行函式：standard_local_msts_cits -> perform_multi_sts

2025-02-13 13:29:25,328 - === 時間戳記 2025-02-13 13:29:25.328802 ===
目前執行函式：standard_local_msts_cits -> perform_multi_sts

2025-02-13 13:29:29,383 - 離開函式：perform_multi_sts
2025-02-13 13:29:29,404 - 進入函式：perform_multi_sts
2025-02-13 13:29:30,334 - === 時間戳記 2025-02-13 13:29:30.334258 ===
目前執行函式：standard_local_msts_cits -> perform_multi_sts

2025-02-13 13:29:35,339 - === 時間戳記 2025-02-13 13:29:35.339824 ===
目前執行函式：standard_local_msts_cits -> perform_multi_sts

2025-02-13 13:29:39,235 - 離開函式：perform_multi_sts
2025-02-13 13:29:39,255 - 進入函式：perform_multi_sts
2025-02-13 13:29:40,345 - === 時間戳記 2025-02-13 13:29:40.345592 ===
目前執行函式：standard_local_msts_cits -> perform_multi_sts

2025-02-13 13:29:45,352 - === 時間戳記 2025-02-13 13:29:45.352442 ===
目前執行函式：standard_local_msts_cits -> perform_multi_sts

2025-02-13 13:29:48,864 - 離開函式：perform_multi_sts
2025-02-13 13:29:48,884 - 進入函式：perform_multi_sts
2025-02-13 13:29:50,357 - === 時間戳記 2025-02-13 13:29:50.357099 ===
目前執行函式：standard_local_msts_cits -> perform_multi_sts

2025-02-13 13:29:55,362 - === 時間戳記 2025-02-13 13:29:55.362247 ===
目前執行函式：standard_local_msts_cits -> perform_multi_sts

2025-02-13 13:29:58,454 - 離開函式：perform_multi_sts
2025-02-13 13:29:58,463 - 進入函式：wait_for_scan_complete
2025-02-13 13:29:58,463 - 進入函式：check_scan
2025-02-13 13:30:00,368 - === 時間戳記 2025-02-13 13:30:00.368223 ===
目前執行函式：standard_local_msts_cits -> wait_for_scan_complete -> check_scan

2025-02-13 13:30:00,461 - 離開函式：check_scan
2025-02-13 13:30:02,798 - 進入函式：check_scan
2025-02-13 13:30:03,134 - 離開函式：check_scan
2025-02-13 13:30:05,374 - === 時間戳記 2025-02-13 13:30:05.374784 ===
目前執行函式：standard_local_msts_cits -> wait_for_scan_complete

2025-02-13 13:30:05,464 - 進入函式：check_scan
2025-02-13 13:30:05,802 - 離開函式：check_scan
2025-02-13 13:30:08,140 - 進入函式：check_scan
2025-02-13 13:30:08,486 - 離開函式：check_scan
2025-02-13 13:30:10,381 - === 時間戳記 2025-02-13 13:30:10.381070 ===
目前執行函式：standard_local_msts_cits -> wait_for_scan_complete

2025-02-13 13:30:10,824 - 進入函式：check_scan
2025-02-13 13:30:11,170 - 離開函式：check_scan
2025-02-13 13:30:13,512 - 進入函式：check_scan
2025-02-13 13:30:13,858 - 離開函式：check_scan
2025-02-13 13:30:15,386 - === 時間戳記 2025-02-13 13:30:15.386590 ===
目前執行函式：standard_local_msts_cits -> wait_for_scan_complete

2025-02-13 13:30:15,617 - 進入函式：check_scan
2025-02-13 13:30:20,391 - === 時間戳記 2025-02-13 13:30:20.391259 ===
目前執行函式：standard_local_msts_cits -> wait_for_scan_complete -> check_scan

2025-02-13 13:30:25,398 - === 時間戳記 2025-02-13 13:30:25.398020 ===
目前執行函式：standard_local_msts_cits -> wait_for_scan_complete -> check_scan

2025-02-13 13:30:30,403 - === 時間戳記 2025-02-13 13:30:30.403777 ===
目前執行函式：standard_local_msts_cits -> wait_for_scan_complete -> check_scan

2025-02-13 13:30:31,218 - 離開函式：check_scan
2025-02-13 13:30:31,218 - 離開函式：wait_for_scan_complete
2025-02-13 13:30:35,408 - === 時間戳記 2025-02-13 13:30:35.408741 ===
目前執行函式：standard_local_msts_cits

2025-02-13 13:30:37,123 - 離開函式：standard_local_msts_cits
